mode: set
github.com/jgirmay/GAIA_GO/pkg/services/rate_limiting/admin_bulk_operations_service.go:65.31,72.2 1 0
github.com/jgirmay/GAIA_GO/pkg/services/rate_limiting/admin_bulk_operations_service.go:81.27,88.16 2 0
github.com/jgirmay/GAIA_GO/pkg/services/rate_limiting/admin_bulk_operations_service.go:88.16,90.3 1 0
github.com/jgirmay/GAIA_GO/pkg/services/rate_limiting/admin_bulk_operations_service.go:93.2,94.16 2 0
github.com/jgirmay/GAIA_GO/pkg/services/rate_limiting/admin_bulk_operations_service.go:94.16,97.3 2 0
github.com/jgirmay/GAIA_GO/pkg/services/rate_limiting/admin_bulk_operations_service.go:99.2,105.33 3 0
github.com/jgirmay/GAIA_GO/pkg/services/rate_limiting/admin_bulk_operations_service.go:105.33,106.115 1 0
github.com/jgirmay/GAIA_GO/pkg/services/rate_limiting/admin_bulk_operations_service.go:106.115,108.4 1 0
github.com/jgirmay/GAIA_GO/pkg/services/rate_limiting/admin_bulk_operations_service.go:108.9,110.4 1 0
github.com/jgirmay/GAIA_GO/pkg/services/rate_limiting/admin_bulk_operations_service.go:111.3,111.29 1 0
github.com/jgirmay/GAIA_GO/pkg/services/rate_limiting/admin_bulk_operations_service.go:115.2,117.23 2 0
github.com/jgirmay/GAIA_GO/pkg/services/rate_limiting/admin_bulk_operations_service.go:127.27,134.16 2 0
github.com/jgirmay/GAIA_GO/pkg/services/rate_limiting/admin_bulk_operations_service.go:134.16,136.3 1 0
github.com/jgirmay/GAIA_GO/pkg/services/rate_limiting/admin_bulk_operations_service.go:139.2,140.16 2 0
github.com/jgirmay/GAIA_GO/pkg/services/rate_limiting/admin_bulk_operations_service.go:140.16,143.3 2 0
github.com/jgirmay/GAIA_GO/pkg/services/rate_limiting/admin_bulk_operations_service.go:145.2,151.33 3 0
github.com/jgirmay/GAIA_GO/pkg/services/rate_limiting/admin_bulk_operations_service.go:151.33,152.113 1 0
github.com/jgirmay/GAIA_GO/pkg/services/rate_limiting/admin_bulk_operations_service.go:152.113,154.4 1 0
github.com/jgirmay/GAIA_GO/pkg/services/rate_limiting/admin_bulk_operations_service.go:154.9,156.4 1 0
github.com/jgirmay/GAIA_GO/pkg/services/rate_limiting/admin_bulk_operations_service.go:157.3,157.29 1 0
github.com/jgirmay/GAIA_GO/pkg/services/rate_limiting/admin_bulk_operations_service.go:161.2,163.23 2 0
github.com/jgirmay/GAIA_GO/pkg/services/rate_limiting/admin_bulk_operations_service.go:172.27,179.16 2 0
github.com/jgirmay/GAIA_GO/pkg/services/rate_limiting/admin_bulk_operations_service.go:179.16,181.3 1 0
github.com/jgirmay/GAIA_GO/pkg/services/rate_limiting/admin_bulk_operations_service.go:184.2,185.16 2 0
github.com/jgirmay/GAIA_GO/pkg/services/rate_limiting/admin_bulk_operations_service.go:185.16,188.3 2 0
github.com/jgirmay/GAIA_GO/pkg/services/rate_limiting/admin_bulk_operations_service.go:190.2,196.33 3 0
github.com/jgirmay/GAIA_GO/pkg/services/rate_limiting/admin_bulk_operations_service.go:196.33,200.54 1 0
github.com/jgirmay/GAIA_GO/pkg/services/rate_limiting/admin_bulk_operations_service.go:200.54,202.4 1 0
github.com/jgirmay/GAIA_GO/pkg/services/rate_limiting/admin_bulk_operations_service.go:202.9,204.4 1 0
github.com/jgirmay/GAIA_GO/pkg/services/rate_limiting/admin_bulk_operations_service.go:205.3,205.29 1 0
github.com/jgirmay/GAIA_GO/pkg/services/rate_limiting/admin_bulk_operations_service.go:209.2,211.23 2 0
github.com/jgirmay/GAIA_GO/pkg/services/rate_limiting/admin_bulk_operations_service.go:218.27,226.2 3 0
github.com/jgirmay/GAIA_GO/pkg/services/rate_limiting/admin_bulk_operations_service.go:234.28,245.2 3 0
github.com/jgirmay/GAIA_GO/pkg/services/rate_limiting/admin_bulk_operations_service.go:253.27,275.25 7 0
github.com/jgirmay/GAIA_GO/pkg/services/rate_limiting/admin_bulk_operations_service.go:275.25,277.3 1 0
github.com/jgirmay/GAIA_GO/pkg/services/rate_limiting/admin_bulk_operations_service.go:279.2,279.24 1 0
github.com/jgirmay/GAIA_GO/pkg/services/rate_limiting/admin_bulk_operations_service.go:286.21,290.59 2 0
github.com/jgirmay/GAIA_GO/pkg/services/rate_limiting/admin_bulk_operations_service.go:290.59,292.3 1 0
github.com/jgirmay/GAIA_GO/pkg/services/rate_limiting/admin_bulk_operations_service.go:294.2,294.63 1 0
github.com/jgirmay/GAIA_GO/pkg/services/rate_limiting/admin_bulk_operations_service.go:294.63,296.3 1 0
github.com/jgirmay/GAIA_GO/pkg/services/rate_limiting/admin_bulk_operations_service.go:298.2,298.66 1 0
github.com/jgirmay/GAIA_GO/pkg/services/rate_limiting/admin_bulk_operations_service.go:298.66,301.3 2 0
github.com/jgirmay/GAIA_GO/pkg/services/rate_limiting/admin_bulk_operations_service.go:303.2,303.59 1 0
github.com/jgirmay/GAIA_GO/pkg/services/rate_limiting/admin_bulk_operations_service.go:303.59,305.3 1 0
github.com/jgirmay/GAIA_GO/pkg/services/rate_limiting/admin_bulk_operations_service.go:307.2,307.81 1 0
github.com/jgirmay/GAIA_GO/pkg/services/rate_limiting/admin_bulk_operations_service.go:307.81,310.3 1 0
github.com/jgirmay/GAIA_GO/pkg/services/rate_limiting/admin_bulk_operations_service.go:312.2,315.30 3 0
github.com/jgirmay/GAIA_GO/pkg/services/rate_limiting/admin_bulk_operations_service.go:326.9,338.24 1 0
github.com/jgirmay/GAIA_GO/pkg/services/rate_limiting/admin_bulk_operations_service.go:338.24,340.3 1 0
github.com/jgirmay/GAIA_GO/pkg/services/rate_limiting/admin_bulk_operations_service.go:343.2,354.3 1 0
github.com/jgirmay/GAIA_GO/pkg/services/rate_limiting/admin_bulk_operations_service.go:365.9,377.24 1 0
github.com/jgirmay/GAIA_GO/pkg/services/rate_limiting/admin_bulk_operations_service.go:377.24,379.3 1 0
github.com/jgirmay/GAIA_GO/pkg/services/rate_limiting/admin_bulk_operations_service.go:382.2,393.3 1 0
github.com/jgirmay/GAIA_GO/pkg/services/rate_limiting/admin_bulk_operations_service.go:401.9,406.2 1 0
github.com/jgirmay/GAIA_GO/pkg/services/rate_limiting/admin_bulk_operations_service.go:414.9,425.2 2 0
github.com/jgirmay/GAIA_GO/pkg/services/rate_limiting/admin_bulk_operations_service.go:432.9,442.2 2 0
github.com/jgirmay/GAIA_GO/pkg/services/rate_limiting/admin_bulk_operations_service.go:447.35,490.2 7 0
github.com/jgirmay/GAIA_GO/pkg/services/rate_limiting/alert_service.go:96.38,106.2 1 0
github.com/jgirmay/GAIA_GO/pkg/services/rate_limiting/alert_service.go:109.65,110.19 1 0
github.com/jgirmay/GAIA_GO/pkg/services/rate_limiting/alert_service.go:110.19,112.3 1 0
github.com/jgirmay/GAIA_GO/pkg/services/rate_limiting/alert_service.go:114.2,120.18 4 0
github.com/jgirmay/GAIA_GO/pkg/services/rate_limiting/alert_service.go:120.18,122.3 1 0
github.com/jgirmay/GAIA_GO/pkg/services/rate_limiting/alert_service.go:124.2,124.12 1 0
github.com/jgirmay/GAIA_GO/pkg/services/rate_limiting/alert_service.go:128.71,133.2 3 0
github.com/jgirmay/GAIA_GO/pkg/services/rate_limiting/alert_service.go:136.61,141.2 3 0
github.com/jgirmay/GAIA_GO/pkg/services/rate_limiting/alert_service.go:144.59,146.13 2 0
github.com/jgirmay/GAIA_GO/pkg/services/rate_limiting/alert_service.go:146.13,148.3 1 0
github.com/jgirmay/GAIA_GO/pkg/services/rate_limiting/alert_service.go:150.2,156.12 5 0
github.com/jgirmay/GAIA_GO/pkg/services/rate_limiting/alert_service.go:156.12,157.7 1 0
github.com/jgirmay/GAIA_GO/pkg/services/rate_limiting/alert_service.go:157.7,158.11 1 0
github.com/jgirmay/GAIA_GO/pkg/services/rate_limiting/alert_service.go:159.20,160.27 1 0
github.com/jgirmay/GAIA_GO/pkg/services/rate_limiting/alert_service.go:161.20,163.11 2 0
github.com/jgirmay/GAIA_GO/pkg/services/rate_limiting/alert_service.go:170.52,175.34 4 0
github.com/jgirmay/GAIA_GO/pkg/services/rate_limiting/alert_service.go:175.34,177.3 1 0
github.com/jgirmay/GAIA_GO/pkg/services/rate_limiting/alert_service.go:180.2,191.18 6 0
github.com/jgirmay/GAIA_GO/pkg/services/rate_limiting/alert_service.go:191.18,192.27 1 0
github.com/jgirmay/GAIA_GO/pkg/services/rate_limiting/alert_service.go:192.27,214.4 4 0
github.com/jgirmay/GAIA_GO/pkg/services/rate_limiting/alert_service.go:214.9,221.4 4 0
github.com/jgirmay/GAIA_GO/pkg/services/rate_limiting/alert_service.go:222.8,222.33 1 0
github.com/jgirmay/GAIA_GO/pkg/services/rate_limiting/alert_service.go:222.33,232.3 5 0
github.com/jgirmay/GAIA_GO/pkg/services/rate_limiting/alert_service.go:236.88,237.24 1 0
github.com/jgirmay/GAIA_GO/pkg/services/rate_limiting/alert_service.go:238.22,239.37 1 0
github.com/jgirmay/GAIA_GO/pkg/services/rate_limiting/alert_service.go:240.19,241.37 1 0
github.com/jgirmay/GAIA_GO/pkg/services/rate_limiting/alert_service.go:242.16,243.38 1 0
github.com/jgirmay/GAIA_GO/pkg/services/rate_limiting/alert_service.go:244.27,246.15 1 0
github.com/jgirmay/GAIA_GO/pkg/services/rate_limiting/alert_service.go:247.10,248.15 1 0
github.com/jgirmay/GAIA_GO/pkg/services/rate_limiting/alert_service.go:253.64,254.33 1 0
github.com/jgirmay/GAIA_GO/pkg/services/rate_limiting/alert_service.go:254.33,255.66 1 0
github.com/jgirmay/GAIA_GO/pkg/services/rate_limiting/alert_service.go:255.66,257.4 1 0
github.com/jgirmay/GAIA_GO/pkg/services/rate_limiting/alert_service.go:259.2,259.12 1 0
github.com/jgirmay/GAIA_GO/pkg/services/rate_limiting/alert_service.go:263.51,268.33 4 0
github.com/jgirmay/GAIA_GO/pkg/services/rate_limiting/alert_service.go:268.33,269.40 1 0
github.com/jgirmay/GAIA_GO/pkg/services/rate_limiting/alert_service.go:269.40,271.4 1 0
github.com/jgirmay/GAIA_GO/pkg/services/rate_limiting/alert_service.go:273.2,273.15 1 0
github.com/jgirmay/GAIA_GO/pkg/services/rate_limiting/alert_service.go:277.77,282.33 4 0
github.com/jgirmay/GAIA_GO/pkg/services/rate_limiting/alert_service.go:282.33,283.70 1 0
github.com/jgirmay/GAIA_GO/pkg/services/rate_limiting/alert_service.go:283.70,285.4 1 0
github.com/jgirmay/GAIA_GO/pkg/services/rate_limiting/alert_service.go:287.2,287.15 1 0
github.com/jgirmay/GAIA_GO/pkg/services/rate_limiting/alert_service.go:291.59,296.13 4 0
github.com/jgirmay/GAIA_GO/pkg/services/rate_limiting/alert_service.go:296.13,298.3 1 0
github.com/jgirmay/GAIA_GO/pkg/services/rate_limiting/alert_service.go:300.2,306.12 5 0
github.com/jgirmay/GAIA_GO/pkg/services/rate_limiting/alert_service.go:310.83,315.13 4 0
github.com/jgirmay/GAIA_GO/pkg/services/rate_limiting/alert_service.go:315.13,317.3 1 0
github.com/jgirmay/GAIA_GO/pkg/services/rate_limiting/alert_service.go:319.2,325.12 5 0
github.com/jgirmay/GAIA_GO/pkg/services/rate_limiting/alert_service.go:329.73,349.27 3 0
github.com/jgirmay/GAIA_GO/pkg/services/rate_limiting/alert_service.go:349.27,351.3 1 0
github.com/jgirmay/GAIA_GO/pkg/services/rate_limiting/alert_service.go:355.64,360.15 4 0
github.com/jgirmay/GAIA_GO/pkg/services/rate_limiting/alert_service.go:360.15,362.3 1 0
github.com/jgirmay/GAIA_GO/pkg/services/rate_limiting/alert_service.go:364.2,365.56 2 0
github.com/jgirmay/GAIA_GO/pkg/services/rate_limiting/alert_service.go:365.56,367.3 1 0
github.com/jgirmay/GAIA_GO/pkg/services/rate_limiting/alert_service.go:369.2,369.16 1 0
github.com/jgirmay/GAIA_GO/pkg/services/rate_limiting/alert_service.go:373.88,374.22 1 0
github.com/jgirmay/GAIA_GO/pkg/services/rate_limiting/alert_service.go:374.22,376.3 1 0
github.com/jgirmay/GAIA_GO/pkg/services/rate_limiting/alert_service.go:378.2,382.12 4 0
github.com/jgirmay/GAIA_GO/pkg/services/rate_limiting/alert_service.go:386.56,387.46 1 0
github.com/jgirmay/GAIA_GO/pkg/services/rate_limiting/alert_service.go:387.46,388.23 1 0
github.com/jgirmay/GAIA_GO/pkg/services/rate_limiting/alert_service.go:388.23,389.12 1 0
github.com/jgirmay/GAIA_GO/pkg/services/rate_limiting/alert_service.go:392.3,392.40 1 0
github.com/jgirmay/GAIA_GO/pkg/services/rate_limiting/alert_service.go:397.85,398.22 1 0
github.com/jgirmay/GAIA_GO/pkg/services/rate_limiting/alert_service.go:399.15,400.42 1 0
github.com/jgirmay/GAIA_GO/pkg/services/rate_limiting/alert_service.go:401.15,402.42 1 0
github.com/jgirmay/GAIA_GO/pkg/services/rate_limiting/alert_service.go:403.19,404.46 1 0
github.com/jgirmay/GAIA_GO/pkg/services/rate_limiting/alert_service.go:405.17,406.44 1 0
github.com/jgirmay/GAIA_GO/pkg/services/rate_limiting/alert_service.go:411.90,415.2 1 0
github.com/jgirmay/GAIA_GO/pkg/services/rate_limiting/alert_service.go:418.90,422.2 1 0
github.com/jgirmay/GAIA_GO/pkg/services/rate_limiting/alert_service.go:425.94,429.2 1 0
github.com/jgirmay/GAIA_GO/pkg/services/rate_limiting/alert_service.go:432.92,436.2 1 0
github.com/jgirmay/GAIA_GO/pkg/services/rate_limiting/alert_service.go:439.31,443.47 3 0
github.com/jgirmay/GAIA_GO/pkg/services/rate_limiting/alert_service.go:443.47,444.60 1 0
github.com/jgirmay/GAIA_GO/pkg/services/rate_limiting/alert_service.go:444.60,446.4 1 0
github.com/jgirmay/GAIA_GO/pkg/services/rate_limiting/alert_service.go:447.3,447.18 1 0
github.com/jgirmay/GAIA_GO/pkg/services/rate_limiting/alert_service.go:452.63,460.33 6 0
github.com/jgirmay/GAIA_GO/pkg/services/rate_limiting/alert_service.go:460.33,461.40 1 0
github.com/jgirmay/GAIA_GO/pkg/services/rate_limiting/alert_service.go:461.40,462.12 1 0
github.com/jgirmay/GAIA_GO/pkg/services/rate_limiting/alert_service.go:465.3,465.25 1 0
github.com/jgirmay/GAIA_GO/pkg/services/rate_limiting/alert_service.go:466.25,467.14 1 0
github.com/jgirmay/GAIA_GO/pkg/services/rate_limiting/alert_service.go:468.24,469.13 1 0
github.com/jgirmay/GAIA_GO/pkg/services/rate_limiting/alert_service.go:470.21,471.10 1 0
github.com/jgirmay/GAIA_GO/pkg/services/rate_limiting/alert_service.go:475.2,484.3 1 0
github.com/jgirmay/GAIA_GO/pkg/services/rate_limiting/analytics.go:139.53,145.2 1 0
github.com/jgirmay/GAIA_GO/pkg/services/rate_limiting/analytics.go:148.84,193.2 10 0
github.com/jgirmay/GAIA_GO/pkg/services/rate_limiting/analytics.go:196.94,228.27 8 0
github.com/jgirmay/GAIA_GO/pkg/services/rate_limiting/analytics.go:228.27,230.3 1 0
github.com/jgirmay/GAIA_GO/pkg/services/rate_limiting/analytics.go:233.2,247.28 3 0
github.com/jgirmay/GAIA_GO/pkg/services/rate_limiting/analytics.go:247.28,249.3 1 0
github.com/jgirmay/GAIA_GO/pkg/services/rate_limiting/analytics.go:252.2,266.29 3 0
github.com/jgirmay/GAIA_GO/pkg/services/rate_limiting/analytics.go:266.29,268.3 1 0
github.com/jgirmay/GAIA_GO/pkg/services/rate_limiting/analytics.go:271.2,290.32 5 0
github.com/jgirmay/GAIA_GO/pkg/services/rate_limiting/analytics.go:290.32,292.3 1 0
github.com/jgirmay/GAIA_GO/pkg/services/rate_limiting/analytics.go:295.2,304.24 3 0
github.com/jgirmay/GAIA_GO/pkg/services/rate_limiting/analytics.go:304.24,306.3 1 0
github.com/jgirmay/GAIA_GO/pkg/services/rate_limiting/analytics.go:309.2,325.19 3 0
github.com/jgirmay/GAIA_GO/pkg/services/rate_limiting/analytics.go:329.110,358.31 6 0
github.com/jgirmay/GAIA_GO/pkg/services/rate_limiting/analytics.go:358.31,360.3 1 0
github.com/jgirmay/GAIA_GO/pkg/services/rate_limiting/analytics.go:363.2,394.24 8 0
github.com/jgirmay/GAIA_GO/pkg/services/rate_limiting/analytics.go:394.24,396.3 1 0
github.com/jgirmay/GAIA_GO/pkg/services/rate_limiting/analytics.go:398.2,398.19 1 0
github.com/jgirmay/GAIA_GO/pkg/services/rate_limiting/analytics.go:402.108,427.2 4 0
github.com/jgirmay/GAIA_GO/pkg/services/rate_limiting/analytics.go:430.103,464.23 4 0
github.com/jgirmay/GAIA_GO/pkg/services/rate_limiting/analytics.go:464.23,465.37 1 0
github.com/jgirmay/GAIA_GO/pkg/services/rate_limiting/analytics.go:465.37,467.4 1 0
github.com/jgirmay/GAIA_GO/pkg/services/rate_limiting/analytics.go:467.9,467.44 1 0
github.com/jgirmay/GAIA_GO/pkg/services/rate_limiting/analytics.go:467.44,469.4 1 0
github.com/jgirmay/GAIA_GO/pkg/services/rate_limiting/analytics.go:469.9,471.4 1 0
github.com/jgirmay/GAIA_GO/pkg/services/rate_limiting/analytics.go:474.2,474.19 1 0
github.com/jgirmay/GAIA_GO/pkg/services/rate_limiting/analytics.go:478.101,487.24 5 0
github.com/jgirmay/GAIA_GO/pkg/services/rate_limiting/analytics.go:487.24,489.3 1 0
github.com/jgirmay/GAIA_GO/pkg/services/rate_limiting/analytics.go:492.2,516.25 2 0
github.com/jgirmay/GAIA_GO/pkg/services/rate_limiting/analytics.go:520.109,546.2 4 0
github.com/jgirmay/GAIA_GO/pkg/services/rate_limiting/analytics.go:549.40,552.2 2 0
github.com/jgirmay/GAIA_GO/pkg/services/rate_limiting/analytics_service.go:59.57,61.2 1 0
github.com/jgirmay/GAIA_GO/pkg/services/rate_limiting/analytics_service.go:64.116,65.43 1 0
github.com/jgirmay/GAIA_GO/pkg/services/rate_limiting/analytics_service.go:65.43,67.3 1 0
github.com/jgirmay/GAIA_GO/pkg/services/rate_limiting/analytics_service.go:69.2,99.31 7 0
github.com/jgirmay/GAIA_GO/pkg/services/rate_limiting/analytics_service.go:99.31,113.3 5 0
github.com/jgirmay/GAIA_GO/pkg/services/rate_limiting/analytics_service.go:116.2,121.21 2 0
github.com/jgirmay/GAIA_GO/pkg/services/rate_limiting/analytics_service.go:121.21,128.3 6 0
github.com/jgirmay/GAIA_GO/pkg/services/rate_limiting/analytics_service.go:130.2,130.22 1 0
github.com/jgirmay/GAIA_GO/pkg/services/rate_limiting/analytics_service.go:134.109,145.16 5 0
github.com/jgirmay/GAIA_GO/pkg/services/rate_limiting/analytics_service.go:145.16,154.3 1 0
github.com/jgirmay/GAIA_GO/pkg/services/rate_limiting/analytics_service.go:157.2,163.22 3 0
github.com/jgirmay/GAIA_GO/pkg/services/rate_limiting/analytics_service.go:163.22,172.3 1 0
github.com/jgirmay/GAIA_GO/pkg/services/rate_limiting/analytics_service.go:175.2,181.16 3 0
github.com/jgirmay/GAIA_GO/pkg/services/rate_limiting/analytics_service.go:181.16,190.3 1 0
github.com/jgirmay/GAIA_GO/pkg/services/rate_limiting/analytics_service.go:192.2,192.22 1 0
github.com/jgirmay/GAIA_GO/pkg/services/rate_limiting/analytics_service.go:196.119,223.16 9 0
github.com/jgirmay/GAIA_GO/pkg/services/rate_limiting/analytics_service.go:223.16,231.3 1 0
github.com/jgirmay/GAIA_GO/pkg/services/rate_limiting/analytics_service.go:231.8,231.23 1 0
github.com/jgirmay/GAIA_GO/pkg/services/rate_limiting/analytics_service.go:231.23,239.3 1 0
github.com/jgirmay/GAIA_GO/pkg/services/rate_limiting/analytics_service.go:242.2,242.24 1 0
github.com/jgirmay/GAIA_GO/pkg/services/rate_limiting/analytics_service.go:242.24,250.3 1 0
github.com/jgirmay/GAIA_GO/pkg/services/rate_limiting/analytics_service.go:253.2,253.22 1 0
github.com/jgirmay/GAIA_GO/pkg/services/rate_limiting/analytics_service.go:253.22,261.3 1 0
github.com/jgirmay/GAIA_GO/pkg/services/rate_limiting/analytics_service.go:264.2,264.23 1 0
github.com/jgirmay/GAIA_GO/pkg/services/rate_limiting/analytics_service.go:264.23,272.3 1 0
github.com/jgirmay/GAIA_GO/pkg/services/rate_limiting/analytics_service.go:272.8,272.31 1 0
github.com/jgirmay/GAIA_GO/pkg/services/rate_limiting/analytics_service.go:272.31,280.3 1 0
github.com/jgirmay/GAIA_GO/pkg/services/rate_limiting/analytics_service.go:280.8,280.30 1 0
github.com/jgirmay/GAIA_GO/pkg/services/rate_limiting/analytics_service.go:280.30,288.3 1 0
github.com/jgirmay/GAIA_GO/pkg/services/rate_limiting/analytics_service.go:291.2,291.45 1 0
github.com/jgirmay/GAIA_GO/pkg/services/rate_limiting/analytics_service.go:291.45,299.3 1 0
github.com/jgirmay/GAIA_GO/pkg/services/rate_limiting/analytics_service.go:301.2,301.29 1 0
github.com/jgirmay/GAIA_GO/pkg/services/rate_limiting/analytics_service.go:305.111,327.27 5 0
github.com/jgirmay/GAIA_GO/pkg/services/rate_limiting/analytics_service.go:327.27,328.31 1 0
github.com/jgirmay/GAIA_GO/pkg/services/rate_limiting/analytics_service.go:328.31,331.4 2 0
github.com/jgirmay/GAIA_GO/pkg/services/rate_limiting/analytics_service.go:335.2,338.27 3 0
github.com/jgirmay/GAIA_GO/pkg/services/rate_limiting/analytics_service.go:338.27,339.33 1 0
github.com/jgirmay/GAIA_GO/pkg/services/rate_limiting/analytics_service.go:339.33,341.4 1 0
github.com/jgirmay/GAIA_GO/pkg/services/rate_limiting/analytics_service.go:341.9,341.40 1 0
github.com/jgirmay/GAIA_GO/pkg/services/rate_limiting/analytics_service.go:341.40,343.4 1 0
github.com/jgirmay/GAIA_GO/pkg/services/rate_limiting/analytics_service.go:346.2,347.27 2 0
github.com/jgirmay/GAIA_GO/pkg/services/rate_limiting/analytics_service.go:347.27,349.3 1 0
github.com/jgirmay/GAIA_GO/pkg/services/rate_limiting/analytics_service.go:349.8,349.34 1 0
github.com/jgirmay/GAIA_GO/pkg/services/rate_limiting/analytics_service.go:349.34,351.3 1 0
github.com/jgirmay/GAIA_GO/pkg/services/rate_limiting/analytics_service.go:351.8,353.3 1 0
github.com/jgirmay/GAIA_GO/pkg/services/rate_limiting/analytics_service.go:355.2,361.8 1 0
github.com/jgirmay/GAIA_GO/pkg/services/rate_limiting/analytics_service.go:366.49,367.22 1 0
github.com/jgirmay/GAIA_GO/pkg/services/rate_limiting/analytics_service.go:367.22,369.3 1 0
github.com/jgirmay/GAIA_GO/pkg/services/rate_limiting/analytics_service.go:370.2,371.27 2 0
github.com/jgirmay/GAIA_GO/pkg/services/rate_limiting/analytics_service.go:371.27,373.3 1 0
github.com/jgirmay/GAIA_GO/pkg/services/rate_limiting/analytics_service.go:374.2,374.35 1 0
github.com/jgirmay/GAIA_GO/pkg/services/rate_limiting/analytics_service.go:377.45,378.22 1 0
github.com/jgirmay/GAIA_GO/pkg/services/rate_limiting/analytics_service.go:378.22,380.3 1 0
github.com/jgirmay/GAIA_GO/pkg/services/rate_limiting/analytics_service.go:381.2,382.27 2 0
github.com/jgirmay/GAIA_GO/pkg/services/rate_limiting/analytics_service.go:382.27,383.14 1 0
github.com/jgirmay/GAIA_GO/pkg/services/rate_limiting/analytics_service.go:383.14,385.4 1 0
github.com/jgirmay/GAIA_GO/pkg/services/rate_limiting/analytics_service.go:387.2,387.12 1 0
github.com/jgirmay/GAIA_GO/pkg/services/rate_limiting/analytics_service.go:390.45,391.22 1 0
github.com/jgirmay/GAIA_GO/pkg/services/rate_limiting/analytics_service.go:391.22,393.3 1 0
github.com/jgirmay/GAIA_GO/pkg/services/rate_limiting/analytics_service.go:394.2,395.27 2 0
github.com/jgirmay/GAIA_GO/pkg/services/rate_limiting/analytics_service.go:395.27,396.14 1 0
github.com/jgirmay/GAIA_GO/pkg/services/rate_limiting/analytics_service.go:396.14,398.4 1 0
github.com/jgirmay/GAIA_GO/pkg/services/rate_limiting/analytics_service.go:400.2,400.12 1 0
github.com/jgirmay/GAIA_GO/pkg/services/rate_limiting/analytics_service.go:403.48,404.22 1 0
github.com/jgirmay/GAIA_GO/pkg/services/rate_limiting/analytics_service.go:404.22,406.3 1 0
github.com/jgirmay/GAIA_GO/pkg/services/rate_limiting/analytics_service.go:408.2,411.27 3 0
github.com/jgirmay/GAIA_GO/pkg/services/rate_limiting/analytics_service.go:411.27,414.3 2 0
github.com/jgirmay/GAIA_GO/pkg/services/rate_limiting/analytics_service.go:416.2,417.28 2 0
github.com/jgirmay/GAIA_GO/pkg/services/rate_limiting/analytics_service.go:420.46,421.21 1 0
github.com/jgirmay/GAIA_GO/pkg/services/rate_limiting/analytics_service.go:421.21,423.3 1 0
github.com/jgirmay/GAIA_GO/pkg/services/rate_limiting/analytics_service.go:426.2,433.23 6 0
github.com/jgirmay/GAIA_GO/pkg/services/rate_limiting/analytics_service.go:433.23,435.3 1 0
github.com/jgirmay/GAIA_GO/pkg/services/rate_limiting/analytics_service.go:435.8,435.31 1 0
github.com/jgirmay/GAIA_GO/pkg/services/rate_limiting/analytics_service.go:435.31,437.3 1 0
github.com/jgirmay/GAIA_GO/pkg/services/rate_limiting/analytics_service.go:438.2,438.17 1 0
github.com/jgirmay/GAIA_GO/pkg/services/rate_limiting/analytics_service.go:441.45,442.21 1 0
github.com/jgirmay/GAIA_GO/pkg/services/rate_limiting/analytics_service.go:442.21,444.3 1 0
github.com/jgirmay/GAIA_GO/pkg/services/rate_limiting/analytics_service.go:447.2,458.21 6 0
github.com/jgirmay/GAIA_GO/pkg/services/rate_limiting/analytics_service.go:458.21,460.3 1 0
github.com/jgirmay/GAIA_GO/pkg/services/rate_limiting/analytics_service.go:461.2,461.19 1 0
github.com/jgirmay/GAIA_GO/pkg/services/rate_limiting/analytics_service.go:461.19,463.3 1 0
github.com/jgirmay/GAIA_GO/pkg/services/rate_limiting/analytics_service.go:465.2,465.18 1 0
github.com/jgirmay/GAIA_GO/pkg/services/rate_limiting/anomaly_detector.go:68.55,84.2 3 0
github.com/jgirmay/GAIA_GO/pkg/services/rate_limiting/anomaly_detector.go:87.44,92.6 4 0
github.com/jgirmay/GAIA_GO/pkg/services/rate_limiting/anomaly_detector.go:92.6,93.10 1 0
github.com/jgirmay/GAIA_GO/pkg/services/rate_limiting/anomaly_detector.go:94.22,95.10 1 0
github.com/jgirmay/GAIA_GO/pkg/services/rate_limiting/anomaly_detector.go:96.19,97.24 1 0
github.com/jgirmay/GAIA_GO/pkg/services/rate_limiting/anomaly_detector.go:103.46,108.33 3 0
github.com/jgirmay/GAIA_GO/pkg/services/rate_limiting/anomaly_detector.go:108.33,110.3 1 0
github.com/jgirmay/GAIA_GO/pkg/services/rate_limiting/anomaly_detector.go:114.52,116.16 2 0
github.com/jgirmay/GAIA_GO/pkg/services/rate_limiting/anomaly_detector.go:116.16,118.3 1 0
github.com/jgirmay/GAIA_GO/pkg/services/rate_limiting/anomaly_detector.go:121.2,130.53 4 0
github.com/jgirmay/GAIA_GO/pkg/services/rate_limiting/anomaly_detector.go:130.53,133.3 2 0
github.com/jgirmay/GAIA_GO/pkg/services/rate_limiting/anomaly_detector.go:136.2,136.59 1 0
github.com/jgirmay/GAIA_GO/pkg/services/rate_limiting/anomaly_detector.go:136.59,139.3 2 0
github.com/jgirmay/GAIA_GO/pkg/services/rate_limiting/anomaly_detector.go:142.2,142.46 1 0
github.com/jgirmay/GAIA_GO/pkg/services/rate_limiting/anomaly_detector.go:142.46,145.3 2 0
github.com/jgirmay/GAIA_GO/pkg/services/rate_limiting/anomaly_detector.go:148.2,148.40 1 0
github.com/jgirmay/GAIA_GO/pkg/services/rate_limiting/anomaly_detector.go:148.40,151.3 2 0
github.com/jgirmay/GAIA_GO/pkg/services/rate_limiting/anomaly_detector.go:154.2,154.23 1 0
github.com/jgirmay/GAIA_GO/pkg/services/rate_limiting/anomaly_detector.go:154.23,156.3 1 0
github.com/jgirmay/GAIA_GO/pkg/services/rate_limiting/anomaly_detector.go:159.2,169.23 7 0
github.com/jgirmay/GAIA_GO/pkg/services/rate_limiting/anomaly_detector.go:169.23,171.3 1 0
github.com/jgirmay/GAIA_GO/pkg/services/rate_limiting/anomaly_detector.go:175.107,176.37 1 0
github.com/jgirmay/GAIA_GO/pkg/services/rate_limiting/anomaly_detector.go:176.37,178.3 1 0
github.com/jgirmay/GAIA_GO/pkg/services/rate_limiting/anomaly_detector.go:180.2,184.34 4 0
github.com/jgirmay/GAIA_GO/pkg/services/rate_limiting/anomaly_detector.go:188.113,193.51 3 0
github.com/jgirmay/GAIA_GO/pkg/services/rate_limiting/anomaly_detector.go:193.51,199.3 4 0
github.com/jgirmay/GAIA_GO/pkg/services/rate_limiting/anomaly_detector.go:201.2,201.14 1 0
github.com/jgirmay/GAIA_GO/pkg/services/rate_limiting/anomaly_detector.go:205.69,208.2 1 0
github.com/jgirmay/GAIA_GO/pkg/services/rate_limiting/anomaly_detector.go:211.69,215.2 1 0
github.com/jgirmay/GAIA_GO/pkg/services/rate_limiting/anomaly_detector.go:218.62,219.9 1 0
github.com/jgirmay/GAIA_GO/pkg/services/rate_limiting/anomaly_detector.go:220.19,221.20 1 0
github.com/jgirmay/GAIA_GO/pkg/services/rate_limiting/anomaly_detector.go:222.19,223.16 1 0
github.com/jgirmay/GAIA_GO/pkg/services/rate_limiting/anomaly_detector.go:224.19,225.18 1 0
github.com/jgirmay/GAIA_GO/pkg/services/rate_limiting/anomaly_detector.go:226.10,227.15 1 0
github.com/jgirmay/GAIA_GO/pkg/services/rate_limiting/anomaly_detector.go:232.82,237.2 3 0
github.com/jgirmay/GAIA_GO/pkg/services/rate_limiting/anomaly_detector.go:240.89,244.35 3 0
github.com/jgirmay/GAIA_GO/pkg/services/rate_limiting/anomaly_detector.go:244.35,258.53 2 0
github.com/jgirmay/GAIA_GO/pkg/services/rate_limiting/anomaly_detector.go:258.53,260.4 1 0
github.com/jgirmay/GAIA_GO/pkg/services/rate_limiting/anomaly_detector.go:261.8,261.23 1 0
github.com/jgirmay/GAIA_GO/pkg/services/rate_limiting/anomaly_detector.go:261.23,263.3 1 0
github.com/jgirmay/GAIA_GO/pkg/services/rate_limiting/anomaly_detector.go:265.2,265.21 1 0
github.com/jgirmay/GAIA_GO/pkg/services/rate_limiting/anomaly_detector.go:269.86,276.2 3 0
github.com/jgirmay/GAIA_GO/pkg/services/rate_limiting/anomaly_detector.go:279.84,287.2 3 0
github.com/jgirmay/GAIA_GO/pkg/services/rate_limiting/anomaly_detector.go:290.70,292.84 2 0
github.com/jgirmay/GAIA_GO/pkg/services/rate_limiting/anomaly_detector.go:292.84,295.3 2 0
github.com/jgirmay/GAIA_GO/pkg/services/rate_limiting/anomaly_detector.go:296.2,303.39 5 0
github.com/jgirmay/GAIA_GO/pkg/services/rate_limiting/anomaly_detector.go:303.39,305.3 1 0
github.com/jgirmay/GAIA_GO/pkg/services/rate_limiting/anomaly_detector.go:307.2,307.49 1 0
github.com/jgirmay/GAIA_GO/pkg/services/rate_limiting/anomaly_detector.go:311.79,324.2 2 0
github.com/jgirmay/GAIA_GO/pkg/services/rate_limiting/anomaly_detector.go:327.117,335.2 3 0
github.com/jgirmay/GAIA_GO/pkg/services/rate_limiting/anomaly_detector.go:338.85,347.2 2 0
github.com/jgirmay/GAIA_GO/pkg/services/rate_limiting/anomaly_detector.go:350.97,376.2 7 0
github.com/jgirmay/GAIA_GO/pkg/services/rate_limiting/anomaly_detector.go:379.42,380.15 1 0
github.com/jgirmay/GAIA_GO/pkg/services/rate_limiting/anomaly_detector.go:380.15,383.3 2 0
github.com/jgirmay/GAIA_GO/pkg/services/rate_limiting/anomaly_detector.go:384.2,384.12 1 0
github.com/jgirmay/GAIA_GO/pkg/services/rate_limiting/appeal_history_service.go:54.65,56.2 1 0
github.com/jgirmay/GAIA_GO/pkg/services/rate_limiting/appeal_history_service.go:67.9,71.55 2 0
github.com/jgirmay/GAIA_GO/pkg/services/rate_limiting/appeal_history_service.go:71.55,73.3 1 0
github.com/jgirmay/GAIA_GO/pkg/services/rate_limiting/appeal_history_service.go:76.2,77.21 2 0
github.com/jgirmay/GAIA_GO/pkg/services/rate_limiting/appeal_history_service.go:77.21,80.3 2 0
github.com/jgirmay/GAIA_GO/pkg/services/rate_limiting/appeal_history_service.go:82.2,95.24 2 0
github.com/jgirmay/GAIA_GO/pkg/services/rate_limiting/appeal_history_service.go:102.28,110.25 3 0
github.com/jgirmay/GAIA_GO/pkg/services/rate_limiting/appeal_history_service.go:110.25,112.3 1 0
github.com/jgirmay/GAIA_GO/pkg/services/rate_limiting/appeal_history_service.go:115.2,122.25 3 0
github.com/jgirmay/GAIA_GO/pkg/services/rate_limiting/appeal_history_service.go:122.25,124.3 1 0
github.com/jgirmay/GAIA_GO/pkg/services/rate_limiting/appeal_history_service.go:127.2,135.33 2 0
github.com/jgirmay/GAIA_GO/pkg/services/rate_limiting/appeal_history_service.go:135.33,137.12 2 0
github.com/jgirmay/GAIA_GO/pkg/services/rate_limiting/appeal_history_service.go:137.12,140.4 2 0
github.com/jgirmay/GAIA_GO/pkg/services/rate_limiting/appeal_history_service.go:142.3,143.29 2 0
github.com/jgirmay/GAIA_GO/pkg/services/rate_limiting/appeal_history_service.go:143.29,144.38 1 0
github.com/jgirmay/GAIA_GO/pkg/services/rate_limiting/appeal_history_service.go:144.38,146.5 1 0
github.com/jgirmay/GAIA_GO/pkg/services/rate_limiting/appeal_history_service.go:149.3,158.51 2 0
github.com/jgirmay/GAIA_GO/pkg/services/rate_limiting/appeal_history_service.go:162.2,162.30 1 0
github.com/jgirmay/GAIA_GO/pkg/services/rate_limiting/appeal_history_service.go:162.30,164.77 2 0
github.com/jgirmay/GAIA_GO/pkg/services/rate_limiting/appeal_history_service.go:164.77,168.4 3 0
github.com/jgirmay/GAIA_GO/pkg/services/rate_limiting/appeal_history_service.go:168.9,170.4 1 0
github.com/jgirmay/GAIA_GO/pkg/services/rate_limiting/appeal_history_service.go:173.2,173.22 1 0
github.com/jgirmay/GAIA_GO/pkg/services/rate_limiting/appeal_history_service.go:182.29,193.25 3 0
github.com/jgirmay/GAIA_GO/pkg/services/rate_limiting/appeal_history_service.go:193.25,195.3 1 0
github.com/jgirmay/GAIA_GO/pkg/services/rate_limiting/appeal_history_service.go:198.2,199.33 2 0
github.com/jgirmay/GAIA_GO/pkg/services/rate_limiting/appeal_history_service.go:199.33,201.17 2 0
github.com/jgirmay/GAIA_GO/pkg/services/rate_limiting/appeal_history_service.go:201.17,202.12 1 0
github.com/jgirmay/GAIA_GO/pkg/services/rate_limiting/appeal_history_service.go:204.3,204.43 1 0
github.com/jgirmay/GAIA_GO/pkg/services/rate_limiting/appeal_history_service.go:207.2,207.23 1 0
github.com/jgirmay/GAIA_GO/pkg/services/rate_limiting/appeal_history_service.go:214.27,223.2 3 0
github.com/jgirmay/GAIA_GO/pkg/services/rate_limiting/appeal_history_service.go:228.35,292.22 8 0
github.com/jgirmay/GAIA_GO/pkg/services/rate_limiting/appeal_history_service.go:292.22,294.3 1 0
github.com/jgirmay/GAIA_GO/pkg/services/rate_limiting/appeal_history_service.go:297.2,311.8 2 0
github.com/jgirmay/GAIA_GO/pkg/services/rate_limiting/appeal_history_service.go:317.35,329.25 3 0
github.com/jgirmay/GAIA_GO/pkg/services/rate_limiting/appeal_history_service.go:329.25,331.3 1 0
github.com/jgirmay/GAIA_GO/pkg/services/rate_limiting/appeal_history_service.go:333.2,334.29 2 0
github.com/jgirmay/GAIA_GO/pkg/services/rate_limiting/appeal_history_service.go:334.29,336.3 1 0
github.com/jgirmay/GAIA_GO/pkg/services/rate_limiting/appeal_history_service.go:338.2,338.26 1 0
github.com/jgirmay/GAIA_GO/pkg/services/rate_limiting/appeal_history_service.go:344.37,360.25 3 0
github.com/jgirmay/GAIA_GO/pkg/services/rate_limiting/appeal_history_service.go:360.25,362.3 1 0
github.com/jgirmay/GAIA_GO/pkg/services/rate_limiting/appeal_history_service.go:364.2,365.33 2 0
github.com/jgirmay/GAIA_GO/pkg/services/rate_limiting/appeal_history_service.go:365.33,371.3 1 0
github.com/jgirmay/GAIA_GO/pkg/services/rate_limiting/appeal_history_service.go:373.2,373.24 1 0
github.com/jgirmay/GAIA_GO/pkg/services/rate_limiting/appeal_negotiation_service.go:65.73,67.2 1 0
github.com/jgirmay/GAIA_GO/pkg/services/rate_limiting/appeal_negotiation_service.go:79.32,82.21 2 0
github.com/jgirmay/GAIA_GO/pkg/services/rate_limiting/appeal_negotiation_service.go:82.21,85.3 2 0
github.com/jgirmay/GAIA_GO/pkg/services/rate_limiting/appeal_negotiation_service.go:87.2,103.25 3 0
github.com/jgirmay/GAIA_GO/pkg/services/rate_limiting/appeal_negotiation_service.go:103.25,105.3 1 0
github.com/jgirmay/GAIA_GO/pkg/services/rate_limiting/appeal_negotiation_service.go:108.2,113.29 2 0
github.com/jgirmay/GAIA_GO/pkg/services/rate_limiting/appeal_negotiation_service.go:120.31,129.25 3 0
github.com/jgirmay/GAIA_GO/pkg/services/rate_limiting/appeal_negotiation_service.go:129.25,131.3 1 0
github.com/jgirmay/GAIA_GO/pkg/services/rate_limiting/appeal_negotiation_service.go:134.2,140.31 6 0
github.com/jgirmay/GAIA_GO/pkg/services/rate_limiting/appeal_negotiation_service.go:140.31,141.39 1 0
github.com/jgirmay/GAIA_GO/pkg/services/rate_limiting/appeal_negotiation_service.go:141.39,143.4 1 0
github.com/jgirmay/GAIA_GO/pkg/services/rate_limiting/appeal_negotiation_service.go:143.9,145.4 1 0
github.com/jgirmay/GAIA_GO/pkg/services/rate_limiting/appeal_negotiation_service.go:147.3,147.32 1 0
github.com/jgirmay/GAIA_GO/pkg/services/rate_limiting/appeal_negotiation_service.go:147.32,150.4 2 0
github.com/jgirmay/GAIA_GO/pkg/services/rate_limiting/appeal_negotiation_service.go:152.3,152.31 1 0
github.com/jgirmay/GAIA_GO/pkg/services/rate_limiting/appeal_negotiation_service.go:152.31,155.4 2 0
github.com/jgirmay/GAIA_GO/pkg/services/rate_limiting/appeal_negotiation_service.go:158.2,159.23 2 0
github.com/jgirmay/GAIA_GO/pkg/services/rate_limiting/appeal_negotiation_service.go:159.23,161.3 1 0
github.com/jgirmay/GAIA_GO/pkg/services/rate_limiting/appeal_negotiation_service.go:163.2,164.24 2 0
github.com/jgirmay/GAIA_GO/pkg/services/rate_limiting/appeal_negotiation_service.go:164.24,167.3 2 0
github.com/jgirmay/GAIA_GO/pkg/services/rate_limiting/appeal_negotiation_service.go:168.2,168.22 1 0
github.com/jgirmay/GAIA_GO/pkg/services/rate_limiting/appeal_negotiation_service.go:168.22,171.3 2 0
github.com/jgirmay/GAIA_GO/pkg/services/rate_limiting/appeal_negotiation_service.go:173.2,184.20 2 0
github.com/jgirmay/GAIA_GO/pkg/services/rate_limiting/appeal_negotiation_service.go:193.32,206.37 4 0
github.com/jgirmay/GAIA_GO/pkg/services/rate_limiting/appeal_negotiation_service.go:206.37,208.34 2 0
github.com/jgirmay/GAIA_GO/pkg/services/rate_limiting/appeal_negotiation_service.go:208.34,210.4 1 0
github.com/jgirmay/GAIA_GO/pkg/services/rate_limiting/appeal_negotiation_service.go:213.2,213.21 1 0
github.com/jgirmay/GAIA_GO/pkg/services/rate_limiting/appeal_negotiation_service.go:221.32,235.37 4 0
github.com/jgirmay/GAIA_GO/pkg/services/rate_limiting/appeal_negotiation_service.go:235.37,237.34 2 0
github.com/jgirmay/GAIA_GO/pkg/services/rate_limiting/appeal_negotiation_service.go:237.34,239.4 1 0
github.com/jgirmay/GAIA_GO/pkg/services/rate_limiting/appeal_negotiation_service.go:242.2,242.21 1 0
github.com/jgirmay/GAIA_GO/pkg/services/rate_limiting/appeal_negotiation_service.go:249.9,254.2 1 0
github.com/jgirmay/GAIA_GO/pkg/services/rate_limiting/appeal_negotiation_service.go:260.9,265.2 1 0
github.com/jgirmay/GAIA_GO/pkg/services/rate_limiting/appeal_negotiation_service.go:271.33,281.2 3 0
github.com/jgirmay/GAIA_GO/pkg/services/rate_limiting/appeal_negotiation_service.go:287.35,289.16 2 0
github.com/jgirmay/GAIA_GO/pkg/services/rate_limiting/appeal_negotiation_service.go:289.16,291.3 1 0
github.com/jgirmay/GAIA_GO/pkg/services/rate_limiting/appeal_negotiation_service.go:294.2,297.38 3 0
github.com/jgirmay/GAIA_GO/pkg/services/rate_limiting/appeal_negotiation_service.go:297.38,298.32 1 0
github.com/jgirmay/GAIA_GO/pkg/services/rate_limiting/appeal_negotiation_service.go:298.32,299.40 1 0
github.com/jgirmay/GAIA_GO/pkg/services/rate_limiting/appeal_negotiation_service.go:299.40,301.5 1 0
github.com/jgirmay/GAIA_GO/pkg/services/rate_limiting/appeal_negotiation_service.go:301.10,303.5 1 0
github.com/jgirmay/GAIA_GO/pkg/services/rate_limiting/appeal_negotiation_service.go:307.2,315.22 2 0
github.com/jgirmay/GAIA_GO/pkg/services/rate_limiting/appeal_negotiation_service.go:321.35,362.2 5 0
github.com/jgirmay/GAIA_GO/pkg/services/rate_limiting/appeal_negotiation_service.go:365.68,366.32 1 0
github.com/jgirmay/GAIA_GO/pkg/services/rate_limiting/appeal_negotiation_service.go:366.32,368.3 1 0
github.com/jgirmay/GAIA_GO/pkg/services/rate_limiting/appeal_negotiation_service.go:370.2,371.21 2 0
github.com/jgirmay/GAIA_GO/pkg/services/rate_limiting/appeal_negotiation_service.go:371.21,373.3 1 0
github.com/jgirmay/GAIA_GO/pkg/services/rate_limiting/appeal_negotiation_service.go:373.8,373.29 1 0
github.com/jgirmay/GAIA_GO/pkg/services/rate_limiting/appeal_negotiation_service.go:373.29,375.3 1 0
github.com/jgirmay/GAIA_GO/pkg/services/rate_limiting/appeal_negotiation_service.go:376.2,376.18 1 0
github.com/jgirmay/GAIA_GO/pkg/services/rate_limiting/appeal_negotiation_service.go:380.61,381.23 1 0
github.com/jgirmay/GAIA_GO/pkg/services/rate_limiting/appeal_negotiation_service.go:381.23,383.3 1 0
github.com/jgirmay/GAIA_GO/pkg/services/rate_limiting/appeal_negotiation_service.go:386.2,390.32 4 0
github.com/jgirmay/GAIA_GO/pkg/services/rate_limiting/appeal_negotiation_service.go:390.32,391.40 1 0
github.com/jgirmay/GAIA_GO/pkg/services/rate_limiting/appeal_negotiation_service.go:391.40,394.4 2 0
github.com/jgirmay/GAIA_GO/pkg/services/rate_limiting/appeal_negotiation_service.go:397.2,397.44 1 0
github.com/jgirmay/GAIA_GO/pkg/services/rate_limiting/appeal_negotiation_service.go:397.44,398.40 1 0
github.com/jgirmay/GAIA_GO/pkg/services/rate_limiting/appeal_negotiation_service.go:398.40,401.4 2 0
github.com/jgirmay/GAIA_GO/pkg/services/rate_limiting/appeal_negotiation_service.go:404.2,404.41 1 0
github.com/jgirmay/GAIA_GO/pkg/services/rate_limiting/appeal_negotiation_service.go:404.41,406.3 1 0
github.com/jgirmay/GAIA_GO/pkg/services/rate_limiting/appeal_negotiation_service.go:408.2,412.18 4 0
github.com/jgirmay/GAIA_GO/pkg/services/rate_limiting/appeal_negotiation_service.go:412.18,414.3 1 0
github.com/jgirmay/GAIA_GO/pkg/services/rate_limiting/appeal_negotiation_service.go:414.8,414.26 1 0
github.com/jgirmay/GAIA_GO/pkg/services/rate_limiting/appeal_negotiation_service.go:414.26,416.3 1 0
github.com/jgirmay/GAIA_GO/pkg/services/rate_limiting/appeal_negotiation_service.go:417.2,417.17 1 0
github.com/jgirmay/GAIA_GO/pkg/services/rate_limiting/appeal_notification_service.go:79.75,91.2 3 0
github.com/jgirmay/GAIA_GO/pkg/services/rate_limiting/appeal_notification_service.go:100.9,129.2 3 0
github.com/jgirmay/GAIA_GO/pkg/services/rate_limiting/appeal_notification_service.go:138.9,168.2 3 0
github.com/jgirmay/GAIA_GO/pkg/services/rate_limiting/appeal_notification_service.go:175.9,206.2 3 0
github.com/jgirmay/GAIA_GO/pkg/services/rate_limiting/appeal_notification_service.go:213.9,241.2 3 0
github.com/jgirmay/GAIA_GO/pkg/services/rate_limiting/appeal_notification_service.go:252.9,268.25 3 0
github.com/jgirmay/GAIA_GO/pkg/services/rate_limiting/appeal_notification_service.go:268.25,270.3 1 0
github.com/jgirmay/GAIA_GO/pkg/services/rate_limiting/appeal_notification_service.go:273.2,273.47 1 0
github.com/jgirmay/GAIA_GO/pkg/services/rate_limiting/appeal_notification_service.go:273.47,274.82 1 0
github.com/jgirmay/GAIA_GO/pkg/services/rate_limiting/appeal_notification_service.go:274.82,283.4 2 0
github.com/jgirmay/GAIA_GO/pkg/services/rate_limiting/appeal_notification_service.go:286.3,292.6 2 0
github.com/jgirmay/GAIA_GO/pkg/services/rate_limiting/appeal_notification_service.go:295.2,295.12 1 0
github.com/jgirmay/GAIA_GO/pkg/services/rate_limiting/appeal_notification_service.go:304.9,305.47 1 0
github.com/jgirmay/GAIA_GO/pkg/services/rate_limiting/appeal_notification_service.go:305.47,307.3 1 0
github.com/jgirmay/GAIA_GO/pkg/services/rate_limiting/appeal_notification_service.go:310.2,316.80 4 0
github.com/jgirmay/GAIA_GO/pkg/services/rate_limiting/appeal_notification_service.go:323.39,332.2 3 0
github.com/jgirmay/GAIA_GO/pkg/services/rate_limiting/appeal_notification_service.go:338.9,344.2 2 0
github.com/jgirmay/GAIA_GO/pkg/services/rate_limiting/appeal_notification_service.go:349.35,413.2 10 0
github.com/jgirmay/GAIA_GO/pkg/services/rate_limiting/appeal_notification_service.go:416.115,435.2 1 0
github.com/jgirmay/GAIA_GO/pkg/services/rate_limiting/appeal_service.go:87.74,99.2 3 0
github.com/jgirmay/GAIA_GO/pkg/services/rate_limiting/appeal_service.go:102.52,148.33 2 0
github.com/jgirmay/GAIA_GO/pkg/services/rate_limiting/appeal_service.go:148.33,150.3 1 0
github.com/jgirmay/GAIA_GO/pkg/services/rate_limiting/appeal_service.go:159.21,163.39 2 0
github.com/jgirmay/GAIA_GO/pkg/services/rate_limiting/appeal_service.go:163.39,165.3 1 0
github.com/jgirmay/GAIA_GO/pkg/services/rate_limiting/appeal_service.go:168.2,168.87 1 0
github.com/jgirmay/GAIA_GO/pkg/services/rate_limiting/appeal_service.go:168.87,170.3 1 0
github.com/jgirmay/GAIA_GO/pkg/services/rate_limiting/appeal_service.go:173.2,176.38 2 0
github.com/jgirmay/GAIA_GO/pkg/services/rate_limiting/appeal_service.go:176.38,178.3 1 0
github.com/jgirmay/GAIA_GO/pkg/services/rate_limiting/appeal_service.go:181.2,186.48 3 0
github.com/jgirmay/GAIA_GO/pkg/services/rate_limiting/appeal_service.go:186.48,188.3 1 0
github.com/jgirmay/GAIA_GO/pkg/services/rate_limiting/appeal_service.go:191.2,191.107 1 0
github.com/jgirmay/GAIA_GO/pkg/services/rate_limiting/appeal_service.go:191.107,193.3 1 0
github.com/jgirmay/GAIA_GO/pkg/services/rate_limiting/appeal_service.go:196.2,197.68 2 0
github.com/jgirmay/GAIA_GO/pkg/services/rate_limiting/appeal_service.go:197.68,199.3 1 0
github.com/jgirmay/GAIA_GO/pkg/services/rate_limiting/appeal_service.go:199.8,199.34 1 0
github.com/jgirmay/GAIA_GO/pkg/services/rate_limiting/appeal_service.go:199.34,201.3 1 0
github.com/jgirmay/GAIA_GO/pkg/services/rate_limiting/appeal_service.go:204.2,219.51 2 0
github.com/jgirmay/GAIA_GO/pkg/services/rate_limiting/appeal_service.go:219.51,221.3 1 0
github.com/jgirmay/GAIA_GO/pkg/services/rate_limiting/appeal_service.go:223.2,223.20 1 0
github.com/jgirmay/GAIA_GO/pkg/services/rate_limiting/appeal_service.go:227.114,231.19 3 0
github.com/jgirmay/GAIA_GO/pkg/services/rate_limiting/appeal_service.go:231.19,233.3 1 0
github.com/jgirmay/GAIA_GO/pkg/services/rate_limiting/appeal_service.go:235.2,235.76 1 0
github.com/jgirmay/GAIA_GO/pkg/services/rate_limiting/appeal_service.go:235.76,237.3 1 0
github.com/jgirmay/GAIA_GO/pkg/services/rate_limiting/appeal_service.go:239.2,239.21 1 0
github.com/jgirmay/GAIA_GO/pkg/services/rate_limiting/appeal_service.go:243.94,250.36 2 0
github.com/jgirmay/GAIA_GO/pkg/services/rate_limiting/appeal_service.go:250.36,252.3 1 0
github.com/jgirmay/GAIA_GO/pkg/services/rate_limiting/appeal_service.go:254.2,254.21 1 0
github.com/jgirmay/GAIA_GO/pkg/services/rate_limiting/appeal_service.go:258.160,259.56 1 0
github.com/jgirmay/GAIA_GO/pkg/services/rate_limiting/appeal_service.go:259.56,261.3 1 0
github.com/jgirmay/GAIA_GO/pkg/services/rate_limiting/appeal_service.go:263.2,264.60 2 0
github.com/jgirmay/GAIA_GO/pkg/services/rate_limiting/appeal_service.go:264.60,266.3 1 0
github.com/jgirmay/GAIA_GO/pkg/services/rate_limiting/appeal_service.go:269.2,278.30 3 0
github.com/jgirmay/GAIA_GO/pkg/services/rate_limiting/appeal_service.go:278.30,281.3 2 0
github.com/jgirmay/GAIA_GO/pkg/services/rate_limiting/appeal_service.go:281.8,283.3 1 0
github.com/jgirmay/GAIA_GO/pkg/services/rate_limiting/appeal_service.go:285.2,285.67 1 0
github.com/jgirmay/GAIA_GO/pkg/services/rate_limiting/appeal_service.go:285.67,287.3 1 0
github.com/jgirmay/GAIA_GO/pkg/services/rate_limiting/appeal_service.go:290.2,290.30 1 0
github.com/jgirmay/GAIA_GO/pkg/services/rate_limiting/appeal_service.go:290.30,293.24 2 0
github.com/jgirmay/GAIA_GO/pkg/services/rate_limiting/appeal_service.go:293.24,295.4 1 0
github.com/jgirmay/GAIA_GO/pkg/services/rate_limiting/appeal_service.go:298.2,298.12 1 0
github.com/jgirmay/GAIA_GO/pkg/services/rate_limiting/appeal_service.go:302.94,305.35 2 0
github.com/jgirmay/GAIA_GO/pkg/services/rate_limiting/appeal_service.go:305.35,307.3 1 0
github.com/jgirmay/GAIA_GO/pkg/services/rate_limiting/appeal_service.go:309.2,309.72 1 0
github.com/jgirmay/GAIA_GO/pkg/services/rate_limiting/appeal_service.go:309.72,311.3 1 0
github.com/jgirmay/GAIA_GO/pkg/services/rate_limiting/appeal_service.go:313.2,318.10 2 0
github.com/jgirmay/GAIA_GO/pkg/services/rate_limiting/appeal_service.go:322.88,327.36 2 0
github.com/jgirmay/GAIA_GO/pkg/services/rate_limiting/appeal_service.go:327.36,329.3 1 0
github.com/jgirmay/GAIA_GO/pkg/services/rate_limiting/appeal_service.go:331.2,331.21 1 0
github.com/jgirmay/GAIA_GO/pkg/services/rate_limiting/appeal_service.go:335.88,349.55 6 0
github.com/jgirmay/GAIA_GO/pkg/services/rate_limiting/appeal_service.go:349.55,351.3 1 0
github.com/jgirmay/GAIA_GO/pkg/services/rate_limiting/appeal_service.go:354.2,377.33 7 0
github.com/jgirmay/GAIA_GO/pkg/services/rate_limiting/appeal_service.go:377.33,379.3 1 0
github.com/jgirmay/GAIA_GO/pkg/services/rate_limiting/appeal_service.go:381.2,381.21 1 0
github.com/jgirmay/GAIA_GO/pkg/services/rate_limiting/appeal_service.go:385.106,400.39 9 0
github.com/jgirmay/GAIA_GO/pkg/services/rate_limiting/appeal_service.go:400.39,402.3 1 0
github.com/jgirmay/GAIA_GO/pkg/services/rate_limiting/appeal_service.go:404.2,411.8 1 0
github.com/jgirmay/GAIA_GO/pkg/services/rate_limiting/appeal_service.go:415.79,422.2 2 0
github.com/jgirmay/GAIA_GO/pkg/services/rate_limiting/auto_throttle.go:74.45,105.2 1 0
github.com/jgirmay/GAIA_GO/pkg/services/rate_limiting/auto_throttle.go:135.74,145.20 2 0
github.com/jgirmay/GAIA_GO/pkg/services/rate_limiting/auto_throttle.go:145.20,147.3 1 0
github.com/jgirmay/GAIA_GO/pkg/services/rate_limiting/auto_throttle.go:149.2,149.11 1 0
github.com/jgirmay/GAIA_GO/pkg/services/rate_limiting/auto_throttle.go:153.44,161.6 6 0
github.com/jgirmay/GAIA_GO/pkg/services/rate_limiting/auto_throttle.go:161.6,162.10 1 0
github.com/jgirmay/GAIA_GO/pkg/services/rate_limiting/auto_throttle.go:163.22,164.10 1 0
github.com/jgirmay/GAIA_GO/pkg/services/rate_limiting/auto_throttle.go:165.19,166.31 1 0
github.com/jgirmay/GAIA_GO/pkg/services/rate_limiting/auto_throttle.go:172.51,184.26 9 0
github.com/jgirmay/GAIA_GO/pkg/services/rate_limiting/auto_throttle.go:184.26,186.3 1 0
github.com/jgirmay/GAIA_GO/pkg/services/rate_limiting/auto_throttle.go:190.60,211.2 5 0
github.com/jgirmay/GAIA_GO/pkg/services/rate_limiting/auto_throttle.go:214.87,218.66 1 0
github.com/jgirmay/GAIA_GO/pkg/services/rate_limiting/auto_throttle.go:218.66,220.3 1 0
github.com/jgirmay/GAIA_GO/pkg/services/rate_limiting/auto_throttle.go:223.2,225.62 1 0
github.com/jgirmay/GAIA_GO/pkg/services/rate_limiting/auto_throttle.go:225.62,227.3 1 0
github.com/jgirmay/GAIA_GO/pkg/services/rate_limiting/auto_throttle.go:230.2,232.64 1 0
github.com/jgirmay/GAIA_GO/pkg/services/rate_limiting/auto_throttle.go:232.64,234.3 1 0
github.com/jgirmay/GAIA_GO/pkg/services/rate_limiting/auto_throttle.go:237.2,239.61 1 0
github.com/jgirmay/GAIA_GO/pkg/services/rate_limiting/auto_throttle.go:239.61,241.3 1 0
github.com/jgirmay/GAIA_GO/pkg/services/rate_limiting/auto_throttle.go:243.2,243.21 1 0
github.com/jgirmay/GAIA_GO/pkg/services/rate_limiting/auto_throttle.go:247.103,272.2 8 0
github.com/jgirmay/GAIA_GO/pkg/services/rate_limiting/auto_throttle.go:275.109,278.58 2 0
github.com/jgirmay/GAIA_GO/pkg/services/rate_limiting/auto_throttle.go:278.58,280.3 1 0
github.com/jgirmay/GAIA_GO/pkg/services/rate_limiting/auto_throttle.go:280.8,280.61 1 0
github.com/jgirmay/GAIA_GO/pkg/services/rate_limiting/auto_throttle.go:280.61,282.3 1 0
github.com/jgirmay/GAIA_GO/pkg/services/rate_limiting/auto_throttle.go:284.2,284.61 1 0
github.com/jgirmay/GAIA_GO/pkg/services/rate_limiting/auto_throttle.go:284.61,286.3 1 0
github.com/jgirmay/GAIA_GO/pkg/services/rate_limiting/auto_throttle.go:286.8,286.64 1 0
github.com/jgirmay/GAIA_GO/pkg/services/rate_limiting/auto_throttle.go:286.64,288.3 1 0
github.com/jgirmay/GAIA_GO/pkg/services/rate_limiting/auto_throttle.go:290.2,290.68 1 0
github.com/jgirmay/GAIA_GO/pkg/services/rate_limiting/auto_throttle.go:290.68,292.3 1 0
github.com/jgirmay/GAIA_GO/pkg/services/rate_limiting/auto_throttle.go:292.8,292.71 1 0
github.com/jgirmay/GAIA_GO/pkg/services/rate_limiting/auto_throttle.go:292.71,294.3 1 0
github.com/jgirmay/GAIA_GO/pkg/services/rate_limiting/auto_throttle.go:296.2,296.23 1 0
github.com/jgirmay/GAIA_GO/pkg/services/rate_limiting/auto_throttle.go:296.23,298.3 1 0
github.com/jgirmay/GAIA_GO/pkg/services/rate_limiting/auto_throttle.go:300.2,301.28 2 0
github.com/jgirmay/GAIA_GO/pkg/services/rate_limiting/auto_throttle.go:301.28,302.12 1 0
github.com/jgirmay/GAIA_GO/pkg/services/rate_limiting/auto_throttle.go:302.12,304.4 1 0
github.com/jgirmay/GAIA_GO/pkg/services/rate_limiting/auto_throttle.go:305.3,305.14 1 0
github.com/jgirmay/GAIA_GO/pkg/services/rate_limiting/auto_throttle.go:308.2,308.15 1 0
github.com/jgirmay/GAIA_GO/pkg/services/rate_limiting/auto_throttle.go:312.58,318.2 4 0
github.com/jgirmay/GAIA_GO/pkg/services/rate_limiting/auto_throttle.go:321.77,322.15 1 0
github.com/jgirmay/GAIA_GO/pkg/services/rate_limiting/auto_throttle.go:323.20,324.13 1 0
github.com/jgirmay/GAIA_GO/pkg/services/rate_limiting/auto_throttle.go:325.19,326.41 1 0
github.com/jgirmay/GAIA_GO/pkg/services/rate_limiting/auto_throttle.go:327.22,328.44 1 0
github.com/jgirmay/GAIA_GO/pkg/services/rate_limiting/auto_throttle.go:329.20,330.42 1 0
github.com/jgirmay/GAIA_GO/pkg/services/rate_limiting/auto_throttle.go:331.24,332.46 1 0
github.com/jgirmay/GAIA_GO/pkg/services/rate_limiting/auto_throttle.go:333.10,334.13 1 0
github.com/jgirmay/GAIA_GO/pkg/services/rate_limiting/auto_throttle.go:339.58,343.2 3 0
github.com/jgirmay/GAIA_GO/pkg/services/rate_limiting/auto_throttle.go:346.60,350.2 3 0
github.com/jgirmay/GAIA_GO/pkg/services/rate_limiting/auto_throttle.go:353.107,367.31 7 0
github.com/jgirmay/GAIA_GO/pkg/services/rate_limiting/auto_throttle.go:367.31,370.32 2 0
github.com/jgirmay/GAIA_GO/pkg/services/rate_limiting/auto_throttle.go:370.32,373.4 2 0
github.com/jgirmay/GAIA_GO/pkg/services/rate_limiting/auto_throttle.go:375.3,375.21 1 0
github.com/jgirmay/GAIA_GO/pkg/services/rate_limiting/auto_throttle.go:378.2,385.8 1 0
github.com/jgirmay/GAIA_GO/pkg/services/rate_limiting/auto_throttle.go:389.102,396.2 3 0
github.com/jgirmay/GAIA_GO/pkg/services/rate_limiting/auto_throttle.go:399.109,407.20 7 0
github.com/jgirmay/GAIA_GO/pkg/services/rate_limiting/auto_throttle.go:407.20,409.3 1 0
github.com/jgirmay/GAIA_GO/pkg/services/rate_limiting/auto_throttle.go:411.2,421.77 2 0
github.com/jgirmay/GAIA_GO/pkg/services/rate_limiting/auto_throttle.go:425.40,429.15 3 0
github.com/jgirmay/GAIA_GO/pkg/services/rate_limiting/auto_throttle.go:429.15,432.3 2 0
github.com/jgirmay/GAIA_GO/pkg/services/rate_limiting/auto_throttle.go:434.2,434.12 1 0
github.com/jgirmay/GAIA_GO/pkg/services/rate_limiting/command_quotas.go:131.122,138.2 1 0
github.com/jgirmay/GAIA_GO/pkg/services/rate_limiting/command_quotas.go:141.127,149.31 3 0
github.com/jgirmay/GAIA_GO/pkg/services/rate_limiting/command_quotas.go:149.31,152.17 2 0
github.com/jgirmay/GAIA_GO/pkg/services/rate_limiting/command_quotas.go:152.17,154.4 1 0
github.com/jgirmay/GAIA_GO/pkg/services/rate_limiting/command_quotas.go:157.2,157.34 1 0
github.com/jgirmay/GAIA_GO/pkg/services/rate_limiting/command_quotas.go:157.34,159.3 1 0
github.com/jgirmay/GAIA_GO/pkg/services/rate_limiting/command_quotas.go:162.2,163.16 2 0
github.com/jgirmay/GAIA_GO/pkg/services/rate_limiting/command_quotas.go:163.16,165.3 1 0
github.com/jgirmay/GAIA_GO/pkg/services/rate_limiting/command_quotas.go:167.2,167.63 1 0
github.com/jgirmay/GAIA_GO/pkg/services/rate_limiting/command_quotas.go:167.63,173.3 4 0
github.com/jgirmay/GAIA_GO/pkg/services/rate_limiting/command_quotas.go:176.2,177.16 2 0
github.com/jgirmay/GAIA_GO/pkg/services/rate_limiting/command_quotas.go:177.16,179.3 1 0
github.com/jgirmay/GAIA_GO/pkg/services/rate_limiting/command_quotas.go:181.2,181.66 1 0
github.com/jgirmay/GAIA_GO/pkg/services/rate_limiting/command_quotas.go:181.66,187.3 4 0
github.com/jgirmay/GAIA_GO/pkg/services/rate_limiting/command_quotas.go:190.2,191.16 2 0
github.com/jgirmay/GAIA_GO/pkg/services/rate_limiting/command_quotas.go:191.16,193.3 1 0
github.com/jgirmay/GAIA_GO/pkg/services/rate_limiting/command_quotas.go:195.2,195.69 1 0
github.com/jgirmay/GAIA_GO/pkg/services/rate_limiting/command_quotas.go:195.69,201.3 4 0
github.com/jgirmay/GAIA_GO/pkg/services/rate_limiting/command_quotas.go:204.2,204.18 1 0
github.com/jgirmay/GAIA_GO/pkg/services/rate_limiting/command_quotas.go:204.18,206.3 1 0
github.com/jgirmay/GAIA_GO/pkg/services/rate_limiting/command_quotas.go:206.8,208.3 1 0
github.com/jgirmay/GAIA_GO/pkg/services/rate_limiting/command_quotas.go:210.2,210.19 1 0
github.com/jgirmay/GAIA_GO/pkg/services/rate_limiting/command_quotas.go:210.19,212.3 1 0
github.com/jgirmay/GAIA_GO/pkg/services/rate_limiting/command_quotas.go:212.8,214.3 1 0
github.com/jgirmay/GAIA_GO/pkg/services/rate_limiting/command_quotas.go:216.2,216.20 1 0
github.com/jgirmay/GAIA_GO/pkg/services/rate_limiting/command_quotas.go:216.20,218.3 1 0
github.com/jgirmay/GAIA_GO/pkg/services/rate_limiting/command_quotas.go:218.8,220.3 1 0
github.com/jgirmay/GAIA_GO/pkg/services/rate_limiting/command_quotas.go:223.2,223.32 1 0
github.com/jgirmay/GAIA_GO/pkg/services/rate_limiting/command_quotas.go:223.32,225.36 2 0
github.com/jgirmay/GAIA_GO/pkg/services/rate_limiting/command_quotas.go:225.36,228.4 1 0
github.com/jgirmay/GAIA_GO/pkg/services/rate_limiting/command_quotas.go:231.2,231.22 1 0
github.com/jgirmay/GAIA_GO/pkg/services/rate_limiting/command_quotas.go:235.169,247.101 2 0
github.com/jgirmay/GAIA_GO/pkg/services/rate_limiting/command_quotas.go:247.101,249.3 1 0
github.com/jgirmay/GAIA_GO/pkg/services/rate_limiting/command_quotas.go:252.2,253.91 2 0
github.com/jgirmay/GAIA_GO/pkg/services/rate_limiting/command_quotas.go:253.91,255.88 2 0
github.com/jgirmay/GAIA_GO/pkg/services/rate_limiting/command_quotas.go:255.88,258.4 1 0
github.com/jgirmay/GAIA_GO/pkg/services/rate_limiting/command_quotas.go:261.2,261.12 1 0
github.com/jgirmay/GAIA_GO/pkg/services/rate_limiting/command_quotas.go:265.115,271.91 3 0
github.com/jgirmay/GAIA_GO/pkg/services/rate_limiting/command_quotas.go:271.91,283.39 4 0
github.com/jgirmay/GAIA_GO/pkg/services/rate_limiting/command_quotas.go:283.39,285.4 1 0
github.com/jgirmay/GAIA_GO/pkg/services/rate_limiting/command_quotas.go:288.3,288.17 1 0
github.com/jgirmay/GAIA_GO/pkg/services/rate_limiting/command_quotas.go:289.25,292.36 1 0
github.com/jgirmay/GAIA_GO/pkg/services/rate_limiting/command_quotas.go:292.36,294.5 1 0
github.com/jgirmay/GAIA_GO/pkg/services/rate_limiting/command_quotas.go:295.4,302.5 1 0
github.com/jgirmay/GAIA_GO/pkg/services/rate_limiting/command_quotas.go:303.26,306.36 1 0
github.com/jgirmay/GAIA_GO/pkg/services/rate_limiting/command_quotas.go:306.36,308.5 1 0
github.com/jgirmay/GAIA_GO/pkg/services/rate_limiting/command_quotas.go:309.4,316.5 1 0
github.com/jgirmay/GAIA_GO/pkg/services/rate_limiting/command_quotas.go:317.27,320.36 1 0
github.com/jgirmay/GAIA_GO/pkg/services/rate_limiting/command_quotas.go:320.36,322.5 1 0
github.com/jgirmay/GAIA_GO/pkg/services/rate_limiting/command_quotas.go:323.4,330.5 1 0
github.com/jgirmay/GAIA_GO/pkg/services/rate_limiting/command_quotas.go:335.2,335.32 1 0
github.com/jgirmay/GAIA_GO/pkg/services/rate_limiting/command_quotas.go:335.32,342.3 2 0
github.com/jgirmay/GAIA_GO/pkg/services/rate_limiting/command_quotas.go:344.2,344.20 1 0
github.com/jgirmay/GAIA_GO/pkg/services/rate_limiting/command_quotas.go:349.124,353.16 2 0
github.com/jgirmay/GAIA_GO/pkg/services/rate_limiting/command_quotas.go:353.16,356.35 1 0
github.com/jgirmay/GAIA_GO/pkg/services/rate_limiting/command_quotas.go:356.35,358.4 1 0
github.com/jgirmay/GAIA_GO/pkg/services/rate_limiting/command_quotas.go:362.2,364.34 1 0
github.com/jgirmay/GAIA_GO/pkg/services/rate_limiting/command_quotas.go:364.34,365.36 1 0
github.com/jgirmay/GAIA_GO/pkg/services/rate_limiting/command_quotas.go:365.36,367.4 1 0
github.com/jgirmay/GAIA_GO/pkg/services/rate_limiting/command_quotas.go:368.3,368.18 1 0
github.com/jgirmay/GAIA_GO/pkg/services/rate_limiting/command_quotas.go:371.2,371.19 1 0
github.com/jgirmay/GAIA_GO/pkg/services/rate_limiting/command_quotas.go:374.141,384.35 5 0
github.com/jgirmay/GAIA_GO/pkg/services/rate_limiting/command_quotas.go:384.35,386.3 1 0
github.com/jgirmay/GAIA_GO/pkg/services/rate_limiting/command_quotas.go:387.2,387.16 1 0
github.com/jgirmay/GAIA_GO/pkg/services/rate_limiting/command_quotas.go:387.16,389.3 1 0
github.com/jgirmay/GAIA_GO/pkg/services/rate_limiting/command_quotas.go:391.2,391.20 1 0
github.com/jgirmay/GAIA_GO/pkg/services/rate_limiting/command_quotas.go:394.154,413.2 2 0
github.com/jgirmay/GAIA_GO/pkg/services/rate_limiting/command_quotas.go:415.102,416.16 1 0
github.com/jgirmay/GAIA_GO/pkg/services/rate_limiting/command_quotas.go:417.24,419.39 2 0
github.com/jgirmay/GAIA_GO/pkg/services/rate_limiting/command_quotas.go:420.25,423.39 2 0
github.com/jgirmay/GAIA_GO/pkg/services/rate_limiting/command_quotas.go:424.26,426.39 2 0
github.com/jgirmay/GAIA_GO/pkg/services/rate_limiting/command_quotas.go:428.2,428.37 1 0
github.com/jgirmay/GAIA_GO/pkg/services/rate_limiting/distributed_reputation.go:81.120,82.33 1 0
github.com/jgirmay/GAIA_GO/pkg/services/rate_limiting/distributed_reputation.go:82.33,84.3 1 0
github.com/jgirmay/GAIA_GO/pkg/services/rate_limiting/distributed_reputation.go:85.2,85.18 1 0
github.com/jgirmay/GAIA_GO/pkg/services/rate_limiting/distributed_reputation.go:88.125,89.33 1 0
github.com/jgirmay/GAIA_GO/pkg/services/rate_limiting/distributed_reputation.go:89.33,91.3 1 0
github.com/jgirmay/GAIA_GO/pkg/services/rate_limiting/distributed_reputation.go:92.2,92.19 1 0
github.com/jgirmay/GAIA_GO/pkg/services/rate_limiting/distributed_reputation.go:96.96,112.2 3 0
github.com/jgirmay/GAIA_GO/pkg/services/rate_limiting/distributed_reputation.go:115.95,132.83 5 0
github.com/jgirmay/GAIA_GO/pkg/services/rate_limiting/distributed_reputation.go:132.83,134.3 1 0
github.com/jgirmay/GAIA_GO/pkg/services/rate_limiting/distributed_reputation.go:136.2,136.12 1 0
github.com/jgirmay/GAIA_GO/pkg/services/rate_limiting/distributed_reputation.go:140.105,148.95 5 0
github.com/jgirmay/GAIA_GO/pkg/services/rate_limiting/distributed_reputation.go:148.95,151.3 1 0
github.com/jgirmay/GAIA_GO/pkg/services/rate_limiting/distributed_reputation.go:154.2,154.51 1 0
github.com/jgirmay/GAIA_GO/pkg/services/rate_limiting/distributed_reputation.go:154.51,156.3 1 0
github.com/jgirmay/GAIA_GO/pkg/services/rate_limiting/distributed_reputation.go:159.2,159.22 1 0
github.com/jgirmay/GAIA_GO/pkg/services/rate_limiting/distributed_reputation.go:159.22,162.45 3 0
github.com/jgirmay/GAIA_GO/pkg/services/rate_limiting/distributed_reputation.go:162.45,166.4 2 0
github.com/jgirmay/GAIA_GO/pkg/services/rate_limiting/distributed_reputation.go:166.9,168.4 1 0
github.com/jgirmay/GAIA_GO/pkg/services/rate_limiting/distributed_reputation.go:171.2,171.12 1 0
github.com/jgirmay/GAIA_GO/pkg/services/rate_limiting/distributed_reputation.go:175.83,180.2 2 0
github.com/jgirmay/GAIA_GO/pkg/services/rate_limiting/distributed_reputation.go:183.60,191.6 6 0
github.com/jgirmay/GAIA_GO/pkg/services/rate_limiting/distributed_reputation.go:191.6,192.10 1 0
github.com/jgirmay/GAIA_GO/pkg/services/rate_limiting/distributed_reputation.go:193.23,197.10 4 0
github.com/jgirmay/GAIA_GO/pkg/services/rate_limiting/distributed_reputation.go:198.19,200.29 2 0
github.com/jgirmay/GAIA_GO/pkg/services/rate_limiting/distributed_reputation.go:206.61,208.31 2 0
github.com/jgirmay/GAIA_GO/pkg/services/rate_limiting/distributed_reputation.go:208.31,211.3 2 0
github.com/jgirmay/GAIA_GO/pkg/services/rate_limiting/distributed_reputation.go:213.2,220.36 7 0
github.com/jgirmay/GAIA_GO/pkg/services/rate_limiting/distributed_reputation.go:220.36,222.3 1 0
github.com/jgirmay/GAIA_GO/pkg/services/rate_limiting/distributed_reputation.go:223.2,226.34 2 0
github.com/jgirmay/GAIA_GO/pkg/services/rate_limiting/distributed_reputation.go:226.34,228.3 1 0
github.com/jgirmay/GAIA_GO/pkg/services/rate_limiting/distributed_reputation.go:231.2,232.31 2 0
github.com/jgirmay/GAIA_GO/pkg/services/rate_limiting/distributed_reputation.go:232.31,234.3 1 0
github.com/jgirmay/GAIA_GO/pkg/services/rate_limiting/distributed_reputation.go:238.106,243.13 4 0
github.com/jgirmay/GAIA_GO/pkg/services/rate_limiting/distributed_reputation.go:243.13,245.3 1 0
github.com/jgirmay/GAIA_GO/pkg/services/rate_limiting/distributed_reputation.go:249.2,249.50 1 0
github.com/jgirmay/GAIA_GO/pkg/services/rate_limiting/distributed_reputation.go:253.105,255.118 2 0
github.com/jgirmay/GAIA_GO/pkg/services/rate_limiting/distributed_reputation.go:255.118,257.3 1 0
github.com/jgirmay/GAIA_GO/pkg/services/rate_limiting/distributed_reputation.go:259.2,259.13 1 0
github.com/jgirmay/GAIA_GO/pkg/services/rate_limiting/distributed_reputation.go:259.13,264.3 4 0
github.com/jgirmay/GAIA_GO/pkg/services/rate_limiting/distributed_reputation.go:264.8,266.26 2 0
github.com/jgirmay/GAIA_GO/pkg/services/rate_limiting/distributed_reputation.go:266.26,268.4 1 0
github.com/jgirmay/GAIA_GO/pkg/services/rate_limiting/distributed_reputation.go:268.9,270.4 1 0
github.com/jgirmay/GAIA_GO/pkg/services/rate_limiting/distributed_reputation.go:272.2,274.19 2 0
github.com/jgirmay/GAIA_GO/pkg/services/rate_limiting/distributed_reputation.go:278.64,281.38 3 0
github.com/jgirmay/GAIA_GO/pkg/services/rate_limiting/distributed_reputation.go:281.38,283.3 1 0
github.com/jgirmay/GAIA_GO/pkg/services/rate_limiting/distributed_reputation.go:284.2,286.31 2 0
github.com/jgirmay/GAIA_GO/pkg/services/rate_limiting/distributed_reputation.go:286.31,288.3 1 0
github.com/jgirmay/GAIA_GO/pkg/services/rate_limiting/distributed_reputation.go:292.76,296.2 1 0
github.com/jgirmay/GAIA_GO/pkg/services/rate_limiting/distributed_reputation.go:299.162,303.82 2 0
github.com/jgirmay/GAIA_GO/pkg/services/rate_limiting/distributed_reputation.go:303.82,305.3 1 0
github.com/jgirmay/GAIA_GO/pkg/services/rate_limiting/distributed_reputation.go:307.2,307.24 1 0
github.com/jgirmay/GAIA_GO/pkg/services/rate_limiting/distributed_reputation.go:307.24,309.3 1 0
github.com/jgirmay/GAIA_GO/pkg/services/rate_limiting/distributed_reputation.go:312.2,316.31 4 0
github.com/jgirmay/GAIA_GO/pkg/services/rate_limiting/distributed_reputation.go:316.31,320.26 3 0
github.com/jgirmay/GAIA_GO/pkg/services/rate_limiting/distributed_reputation.go:320.26,324.4 3 0
github.com/jgirmay/GAIA_GO/pkg/services/rate_limiting/distributed_reputation.go:328.2,329.25 2 0
github.com/jgirmay/GAIA_GO/pkg/services/rate_limiting/distributed_reputation.go:329.25,332.36 2 0
github.com/jgirmay/GAIA_GO/pkg/services/rate_limiting/distributed_reputation.go:332.36,333.24 1 0
github.com/jgirmay/GAIA_GO/pkg/services/rate_limiting/distributed_reputation.go:333.24,336.5 2 0
github.com/jgirmay/GAIA_GO/pkg/services/rate_limiting/distributed_reputation.go:341.2,343.37 2 0
github.com/jgirmay/GAIA_GO/pkg/services/rate_limiting/distributed_reputation.go:347.103,349.105 2 0
github.com/jgirmay/GAIA_GO/pkg/services/rate_limiting/distributed_reputation.go:349.105,351.3 1 0
github.com/jgirmay/GAIA_GO/pkg/services/rate_limiting/distributed_reputation.go:353.2,353.20 1 0
github.com/jgirmay/GAIA_GO/pkg/services/rate_limiting/distributed_reputation.go:353.20,355.3 1 0
github.com/jgirmay/GAIA_GO/pkg/services/rate_limiting/distributed_reputation.go:358.2,361.31 2 0
github.com/jgirmay/GAIA_GO/pkg/services/rate_limiting/distributed_reputation.go:361.31,368.33 2 0
github.com/jgirmay/GAIA_GO/pkg/services/rate_limiting/distributed_reputation.go:368.33,375.4 1 0
github.com/jgirmay/GAIA_GO/pkg/services/rate_limiting/distributed_reputation.go:378.2,378.12 1 0
github.com/jgirmay/GAIA_GO/pkg/services/rate_limiting/distributed_reputation.go:382.109,384.88 2 0
github.com/jgirmay/GAIA_GO/pkg/services/rate_limiting/distributed_reputation.go:384.88,386.3 1 0
github.com/jgirmay/GAIA_GO/pkg/services/rate_limiting/distributed_reputation.go:388.2,393.29 5 0
github.com/jgirmay/GAIA_GO/pkg/services/rate_limiting/distributed_reputation.go:393.29,394.22 1 0
github.com/jgirmay/GAIA_GO/pkg/services/rate_limiting/distributed_reputation.go:395.18,396.18 1 0
github.com/jgirmay/GAIA_GO/pkg/services/rate_limiting/distributed_reputation.go:397.19,398.19 1 0
github.com/jgirmay/GAIA_GO/pkg/services/rate_limiting/distributed_reputation.go:399.17,400.17 1 0
github.com/jgirmay/GAIA_GO/pkg/services/rate_limiting/distributed_reputation.go:402.3,402.37 1 0
github.com/jgirmay/GAIA_GO/pkg/services/rate_limiting/distributed_reputation.go:405.2,415.8 1 0
github.com/jgirmay/GAIA_GO/pkg/services/rate_limiting/distributed_reputation.go:419.115,439.2 7 0
github.com/jgirmay/GAIA_GO/pkg/services/rate_limiting/distributed_reputation.go:442.66,444.2 1 0
github.com/jgirmay/GAIA_GO/pkg/services/rate_limiting/distributed_reputation.go:447.56,451.20 3 0
github.com/jgirmay/GAIA_GO/pkg/services/rate_limiting/distributed_reputation.go:451.20,454.3 2 0
github.com/jgirmay/GAIA_GO/pkg/services/rate_limiting/distributed_reputation.go:456.2,456.12 1 0
github.com/jgirmay/GAIA_GO/pkg/services/rate_limiting/distributed_reputation.go:460.46,461.16 1 0
github.com/jgirmay/GAIA_GO/pkg/services/rate_limiting/distributed_reputation.go:461.16,463.3 1 0
github.com/jgirmay/GAIA_GO/pkg/services/rate_limiting/distributed_reputation.go:464.2,464.82 1 0
github.com/jgirmay/GAIA_GO/pkg/services/rate_limiting/middleware.go:27.64,31.46 1 0
github.com/jgirmay/GAIA_GO/pkg/services/rate_limiting/middleware.go:31.46,33.4 1 0
github.com/jgirmay/GAIA_GO/pkg/services/rate_limiting/middleware.go:34.51,36.4 1 0
github.com/jgirmay/GAIA_GO/pkg/services/rate_limiting/middleware.go:37.49,39.4 1 0
github.com/jgirmay/GAIA_GO/pkg/services/rate_limiting/middleware.go:46.92,47.46 1 0
github.com/jgirmay/GAIA_GO/pkg/services/rate_limiting/middleware.go:47.46,48.72 1 0
github.com/jgirmay/GAIA_GO/pkg/services/rate_limiting/middleware.go:48.72,50.20 1 0
github.com/jgirmay/GAIA_GO/pkg/services/rate_limiting/middleware.go:50.20,53.5 2 0
github.com/jgirmay/GAIA_GO/pkg/services/rate_limiting/middleware.go:56.4,56.33 1 0
github.com/jgirmay/GAIA_GO/pkg/services/rate_limiting/middleware.go:56.33,59.5 2 0
github.com/jgirmay/GAIA_GO/pkg/services/rate_limiting/middleware.go:62.4,76.18 3 0
github.com/jgirmay/GAIA_GO/pkg/services/rate_limiting/middleware.go:76.18,80.5 2 0
github.com/jgirmay/GAIA_GO/pkg/services/rate_limiting/middleware.go:83.4,86.25 2 0
github.com/jgirmay/GAIA_GO/pkg/services/rate_limiting/middleware.go:86.25,89.5 2 0
github.com/jgirmay/GAIA_GO/pkg/services/rate_limiting/middleware.go:92.4,92.24 1 0
github.com/jgirmay/GAIA_GO/pkg/services/rate_limiting/middleware.go:98.68,103.36 4 0
github.com/jgirmay/GAIA_GO/pkg/services/rate_limiting/middleware.go:103.36,105.3 1 0
github.com/jgirmay/GAIA_GO/pkg/services/rate_limiting/middleware.go:109.91,118.2 4 0
github.com/jgirmay/GAIA_GO/pkg/services/rate_limiting/middleware.go:121.42,123.67 1 0
github.com/jgirmay/GAIA_GO/pkg/services/rate_limiting/middleware.go:123.67,126.19 2 0
github.com/jgirmay/GAIA_GO/pkg/services/rate_limiting/middleware.go:126.19,128.4 1 0
github.com/jgirmay/GAIA_GO/pkg/services/rate_limiting/middleware.go:132.2,132.55 1 0
github.com/jgirmay/GAIA_GO/pkg/services/rate_limiting/middleware.go:132.55,134.3 1 0
github.com/jgirmay/GAIA_GO/pkg/services/rate_limiting/middleware.go:137.2,137.64 1 0
github.com/jgirmay/GAIA_GO/pkg/services/rate_limiting/middleware.go:137.64,139.3 1 0
github.com/jgirmay/GAIA_GO/pkg/services/rate_limiting/middleware.go:140.2,140.21 1 0
github.com/jgirmay/GAIA_GO/pkg/services/rate_limiting/middleware.go:144.47,146.67 1 0
github.com/jgirmay/GAIA_GO/pkg/services/rate_limiting/middleware.go:146.67,148.3 1 0
github.com/jgirmay/GAIA_GO/pkg/services/rate_limiting/middleware.go:151.2,151.64 1 0
github.com/jgirmay/GAIA_GO/pkg/services/rate_limiting/middleware.go:151.64,153.3 1 0
github.com/jgirmay/GAIA_GO/pkg/services/rate_limiting/middleware.go:156.2,156.77 1 0
github.com/jgirmay/GAIA_GO/pkg/services/rate_limiting/middleware.go:156.77,158.3 1 0
github.com/jgirmay/GAIA_GO/pkg/services/rate_limiting/middleware.go:161.2,161.23 1 0
github.com/jgirmay/GAIA_GO/pkg/services/rate_limiting/middleware.go:165.46,167.55 1 0
github.com/jgirmay/GAIA_GO/pkg/services/rate_limiting/middleware.go:167.55,169.63 2 0
github.com/jgirmay/GAIA_GO/pkg/services/rate_limiting/middleware.go:169.63,171.4 1 0
github.com/jgirmay/GAIA_GO/pkg/services/rate_limiting/middleware.go:175.2,175.55 1 0
github.com/jgirmay/GAIA_GO/pkg/services/rate_limiting/middleware.go:175.55,177.3 1 0
github.com/jgirmay/GAIA_GO/pkg/services/rate_limiting/middleware.go:180.2,180.58 1 0
github.com/jgirmay/GAIA_GO/pkg/services/rate_limiting/middleware.go:180.58,182.3 1 0
github.com/jgirmay/GAIA_GO/pkg/services/rate_limiting/middleware.go:184.2,184.11 1 0
github.com/jgirmay/GAIA_GO/pkg/services/rate_limiting/middleware.go:188.93,190.50 2 0
github.com/jgirmay/GAIA_GO/pkg/services/rate_limiting/middleware.go:190.50,192.3 1 0
github.com/jgirmay/GAIA_GO/pkg/services/rate_limiting/middleware.go:193.2,196.33 3 0
github.com/jgirmay/GAIA_GO/pkg/services/rate_limiting/middleware.go:200.88,202.50 2 0
github.com/jgirmay/GAIA_GO/pkg/services/rate_limiting/middleware.go:202.50,204.3 1 0
github.com/jgirmay/GAIA_GO/pkg/services/rate_limiting/middleware.go:205.2,207.33 2 0
github.com/jgirmay/GAIA_GO/pkg/services/rate_limiting/middleware.go:211.92,213.50 2 0
github.com/jgirmay/GAIA_GO/pkg/services/rate_limiting/middleware.go:213.50,215.3 1 0
github.com/jgirmay/GAIA_GO/pkg/services/rate_limiting/middleware.go:216.2,219.33 3 0
github.com/jgirmay/GAIA_GO/pkg/services/rate_limiting/middleware.go:223.121,224.46 1 0
github.com/jgirmay/GAIA_GO/pkg/services/rate_limiting/middleware.go:224.46,225.72 1 0
github.com/jgirmay/GAIA_GO/pkg/services/rate_limiting/middleware.go:225.72,227.17 2 0
github.com/jgirmay/GAIA_GO/pkg/services/rate_limiting/middleware.go:228.22,229.37 1 0
github.com/jgirmay/GAIA_GO/pkg/services/rate_limiting/middleware.go:230.21,231.36 1 0
github.com/jgirmay/GAIA_GO/pkg/services/rate_limiting/middleware.go:232.17,233.32 1 0
github.com/jgirmay/GAIA_GO/pkg/services/rate_limiting/middleware.go:234.12,235.32 1 0
github.com/jgirmay/GAIA_GO/pkg/services/rate_limiting/middleware.go:238.4,251.18 3 0
github.com/jgirmay/GAIA_GO/pkg/services/rate_limiting/middleware.go:251.18,254.5 2 0
github.com/jgirmay/GAIA_GO/pkg/services/rate_limiting/middleware.go:256.4,258.25 2 0
github.com/jgirmay/GAIA_GO/pkg/services/rate_limiting/middleware.go:258.25,261.5 2 0
github.com/jgirmay/GAIA_GO/pkg/services/rate_limiting/middleware.go:263.4,263.24 1 0
github.com/jgirmay/GAIA_GO/pkg/services/rate_limiting/ml_prediction_service.go:81.63,83.2 1 0
github.com/jgirmay/GAIA_GO/pkg/services/rate_limiting/ml_prediction_service.go:89.42,107.19 4 0
github.com/jgirmay/GAIA_GO/pkg/services/rate_limiting/ml_prediction_service.go:108.17,109.21 1 0
github.com/jgirmay/GAIA_GO/pkg/services/rate_limiting/ml_prediction_service.go:110.18,111.21 1 0
github.com/jgirmay/GAIA_GO/pkg/services/rate_limiting/ml_prediction_service.go:112.17,113.22 1 0
github.com/jgirmay/GAIA_GO/pkg/services/rate_limiting/ml_prediction_service.go:114.10,115.21 1 0
github.com/jgirmay/GAIA_GO/pkg/services/rate_limiting/ml_prediction_service.go:119.2,120.40 2 0
github.com/jgirmay/GAIA_GO/pkg/services/rate_limiting/ml_prediction_service.go:120.40,122.3 1 0
github.com/jgirmay/GAIA_GO/pkg/services/rate_limiting/ml_prediction_service.go:122.8,122.47 1 0
github.com/jgirmay/GAIA_GO/pkg/services/rate_limiting/ml_prediction_service.go:122.47,124.3 1 0
github.com/jgirmay/GAIA_GO/pkg/services/rate_limiting/ml_prediction_service.go:124.8,126.3 1 0
github.com/jgirmay/GAIA_GO/pkg/services/rate_limiting/ml_prediction_service.go:129.2,130.21 2 0
github.com/jgirmay/GAIA_GO/pkg/services/rate_limiting/ml_prediction_service.go:130.21,133.23 3 0
github.com/jgirmay/GAIA_GO/pkg/services/rate_limiting/ml_prediction_service.go:133.23,135.4 1 0
github.com/jgirmay/GAIA_GO/pkg/services/rate_limiting/ml_prediction_service.go:136.8,138.3 1 0
github.com/jgirmay/GAIA_GO/pkg/services/rate_limiting/ml_prediction_service.go:141.2,142.29 2 0
github.com/jgirmay/GAIA_GO/pkg/services/rate_limiting/ml_prediction_service.go:142.29,144.3 1 0
github.com/jgirmay/GAIA_GO/pkg/services/rate_limiting/ml_prediction_service.go:147.2,153.40 2 0
github.com/jgirmay/GAIA_GO/pkg/services/rate_limiting/ml_prediction_service.go:153.40,155.3 1 0
github.com/jgirmay/GAIA_GO/pkg/services/rate_limiting/ml_prediction_service.go:157.2,182.24 3 0
github.com/jgirmay/GAIA_GO/pkg/services/rate_limiting/ml_prediction_service.go:189.31,234.60 7 0
github.com/jgirmay/GAIA_GO/pkg/services/rate_limiting/ml_prediction_service.go:234.60,236.3 1 0
github.com/jgirmay/GAIA_GO/pkg/services/rate_limiting/ml_prediction_service.go:239.2,239.32 1 0
github.com/jgirmay/GAIA_GO/pkg/services/rate_limiting/ml_prediction_service.go:239.32,242.3 2 0
github.com/jgirmay/GAIA_GO/pkg/services/rate_limiting/ml_prediction_service.go:245.2,246.26 2 0
github.com/jgirmay/GAIA_GO/pkg/services/rate_limiting/ml_prediction_service.go:246.26,248.3 1 0
github.com/jgirmay/GAIA_GO/pkg/services/rate_limiting/ml_prediction_service.go:248.8,248.33 1 0
github.com/jgirmay/GAIA_GO/pkg/services/rate_limiting/ml_prediction_service.go:248.33,250.3 1 0
github.com/jgirmay/GAIA_GO/pkg/services/rate_limiting/ml_prediction_service.go:253.2,253.27 1 0
github.com/jgirmay/GAIA_GO/pkg/services/rate_limiting/ml_prediction_service.go:253.27,255.3 1 0
github.com/jgirmay/GAIA_GO/pkg/services/rate_limiting/ml_prediction_service.go:255.8,255.34 1 0
github.com/jgirmay/GAIA_GO/pkg/services/rate_limiting/ml_prediction_service.go:255.34,257.3 1 0
github.com/jgirmay/GAIA_GO/pkg/services/rate_limiting/ml_prediction_service.go:259.2,261.32 3 0
github.com/jgirmay/GAIA_GO/pkg/services/rate_limiting/ml_prediction_service.go:261.32,263.3 1 0
github.com/jgirmay/GAIA_GO/pkg/services/rate_limiting/ml_prediction_service.go:266.2,271.41 2 0
github.com/jgirmay/GAIA_GO/pkg/services/rate_limiting/ml_prediction_service.go:271.41,273.3 1 0
github.com/jgirmay/GAIA_GO/pkg/services/rate_limiting/ml_prediction_service.go:273.8,275.3 1 0
github.com/jgirmay/GAIA_GO/pkg/services/rate_limiting/ml_prediction_service.go:278.2,279.27 2 0
github.com/jgirmay/GAIA_GO/pkg/services/rate_limiting/ml_prediction_service.go:279.27,281.3 1 0
github.com/jgirmay/GAIA_GO/pkg/services/rate_limiting/ml_prediction_service.go:281.8,281.34 1 0
github.com/jgirmay/GAIA_GO/pkg/services/rate_limiting/ml_prediction_service.go:281.34,283.3 1 0
github.com/jgirmay/GAIA_GO/pkg/services/rate_limiting/ml_prediction_service.go:285.2,308.25 3 0
github.com/jgirmay/GAIA_GO/pkg/services/rate_limiting/ml_prediction_service.go:315.35,333.31 4 0
github.com/jgirmay/GAIA_GO/pkg/services/rate_limiting/ml_prediction_service.go:333.31,341.22 3 0
github.com/jgirmay/GAIA_GO/pkg/services/rate_limiting/ml_prediction_service.go:341.22,342.12 1 0
github.com/jgirmay/GAIA_GO/pkg/services/rate_limiting/ml_prediction_service.go:346.3,355.28 4 0
github.com/jgirmay/GAIA_GO/pkg/services/rate_limiting/ml_prediction_service.go:355.28,357.4 1 0
github.com/jgirmay/GAIA_GO/pkg/services/rate_limiting/ml_prediction_service.go:357.9,357.35 1 0
github.com/jgirmay/GAIA_GO/pkg/services/rate_limiting/ml_prediction_service.go:357.35,359.4 1 0
github.com/jgirmay/GAIA_GO/pkg/services/rate_limiting/ml_prediction_service.go:359.9,359.35 1 0
github.com/jgirmay/GAIA_GO/pkg/services/rate_limiting/ml_prediction_service.go:359.35,361.4 1 0
github.com/jgirmay/GAIA_GO/pkg/services/rate_limiting/ml_prediction_service.go:363.3,363.24 1 0
github.com/jgirmay/GAIA_GO/pkg/services/rate_limiting/ml_prediction_service.go:363.24,364.12 1 0
github.com/jgirmay/GAIA_GO/pkg/services/rate_limiting/ml_prediction_service.go:367.3,368.27 2 0
github.com/jgirmay/GAIA_GO/pkg/services/rate_limiting/ml_prediction_service.go:368.27,370.4 1 0
github.com/jgirmay/GAIA_GO/pkg/services/rate_limiting/ml_prediction_service.go:372.3,373.27 2 0
github.com/jgirmay/GAIA_GO/pkg/services/rate_limiting/ml_prediction_service.go:373.27,375.4 1 0
github.com/jgirmay/GAIA_GO/pkg/services/rate_limiting/ml_prediction_service.go:377.3,395.23 3 0
github.com/jgirmay/GAIA_GO/pkg/services/rate_limiting/ml_prediction_service.go:398.2,398.25 1 0
github.com/jgirmay/GAIA_GO/pkg/services/rate_limiting/ml_prediction_service.go:405.35,424.29 3 0
github.com/jgirmay/GAIA_GO/pkg/services/rate_limiting/ml_prediction_service.go:424.29,433.3 3 0
github.com/jgirmay/GAIA_GO/pkg/services/rate_limiting/ml_prediction_service.go:435.2,442.8 1 0
github.com/jgirmay/GAIA_GO/pkg/services/rate_limiting/ml_prediction_service.go:454.9,456.20 2 0
github.com/jgirmay/GAIA_GO/pkg/services/rate_limiting/ml_prediction_service.go:456.21,458.3 0 0
github.com/jgirmay/GAIA_GO/pkg/services/rate_limiting/ml_prediction_service.go:460.2,474.28 2 0
github.com/jgirmay/GAIA_GO/pkg/services/rate_limiting/ml_prediction_service.go:478.57,479.16 1 0
github.com/jgirmay/GAIA_GO/pkg/services/rate_limiting/ml_prediction_service.go:479.16,481.3 1 0
github.com/jgirmay/GAIA_GO/pkg/services/rate_limiting/ml_prediction_service.go:483.2,484.18 2 0
github.com/jgirmay/GAIA_GO/pkg/services/rate_limiting/ml_prediction_service.go:484.18,486.3 1 0
github.com/jgirmay/GAIA_GO/pkg/services/rate_limiting/ml_prediction_service.go:486.8,486.25 1 0
github.com/jgirmay/GAIA_GO/pkg/services/rate_limiting/ml_prediction_service.go:486.25,488.3 1 0
github.com/jgirmay/GAIA_GO/pkg/services/rate_limiting/ml_prediction_service.go:489.2,489.14 1 0
github.com/jgirmay/GAIA_GO/pkg/services/rate_limiting/models.go:143.29,155.2 1 0
github.com/jgirmay/GAIA_GO/pkg/services/rate_limiting/notification_service.go:74.63,84.2 3 0
github.com/jgirmay/GAIA_GO/pkg/services/rate_limiting/notification_service.go:87.103,91.26 3 0
github.com/jgirmay/GAIA_GO/pkg/services/rate_limiting/notification_service.go:91.26,93.3 1 0
github.com/jgirmay/GAIA_GO/pkg/services/rate_limiting/notification_service.go:93.8,93.33 1 0
github.com/jgirmay/GAIA_GO/pkg/services/rate_limiting/notification_service.go:93.33,95.3 1 0
github.com/jgirmay/GAIA_GO/pkg/services/rate_limiting/notification_service.go:97.2,97.94 1 0
github.com/jgirmay/GAIA_GO/pkg/services/rate_limiting/notification_service.go:101.101,104.19 3 0
github.com/jgirmay/GAIA_GO/pkg/services/rate_limiting/notification_service.go:104.19,106.3 1 0
github.com/jgirmay/GAIA_GO/pkg/services/rate_limiting/notification_service.go:106.8,106.26 1 0
github.com/jgirmay/GAIA_GO/pkg/services/rate_limiting/notification_service.go:106.26,108.3 1 0
github.com/jgirmay/GAIA_GO/pkg/services/rate_limiting/notification_service.go:110.2,112.83 2 0
github.com/jgirmay/GAIA_GO/pkg/services/rate_limiting/notification_service.go:116.103,120.22 3 0
github.com/jgirmay/GAIA_GO/pkg/services/rate_limiting/notification_service.go:120.22,123.3 2 0
github.com/jgirmay/GAIA_GO/pkg/services/rate_limiting/notification_service.go:125.2,125.87 1 0
[...]
github.com/jgirmay/GAIA_GO/pkg/services/rate_limiting/rate_limiter.go:482.92,490.2 3 1
github.com/jgirmay/GAIA_GO/pkg/services/rate_limiting/rate_limiter.go:493.105,507.16 5 0
github.com/jgirmay/GAIA_GO/pkg/services/rate_limiting/rate_limiter.go:507.16,512.3 4 0
github.com/jgirmay/GAIA_GO/pkg/services/rate_limiting/rate_limiter.go:514.2,514.19 1 0
github.com/jgirmay/GAIA_GO/pkg/services/rate_limiting/rate_limiter.go:518.128,526.2 3 1
github.com/jgirmay/GAIA_GO/pkg/services/rate_limiting/rate_limiter.go:529.120,537.16 4 1
github.com/jgirmay/GAIA_GO/pkg/services/rate_limiting/rate_limiter.go:537.16,538.36 1 1
github.com/jgirmay/GAIA_GO/pkg/services/rate_limiting/rate_limiter.go:538.36,540.4 1 1
github.com/jgirmay/GAIA_GO/pkg/services/rate_limiting/rate_limiter.go:541.3,541.18 1 0
github.com/jgirmay/GAIA_GO/pkg/services/rate_limiting/rate_limiter.go:544.2,544.20 1 0
github.com/jgirmay/GAIA_GO/pkg/services/rate_limiting/rate_limiter.go:548.119,555.2 3 1
github.com/jgirmay/GAIA_GO/pkg/services/rate_limiting/rate_limiter.go:558.117,578.2 8 1
github.com/jgirmay/GAIA_GO/pkg/services/rate_limiting/rate_limiter.go:580.103,583.2 2 1
github.com/jgirmay/GAIA_GO/pkg/services/rate_limiting/rate_limiter.go:585.106,588.2 2 1
github.com/jgirmay/GAIA_GO/pkg/services/rate_limiting/rate_limiter.go:590.103,593.2 2 1
github.com/jgirmay/GAIA_GO/pkg/services/rate_limiting/rate_limiter.go:598.50,600.16 2 1
github.com/jgirmay/GAIA_GO/pkg/services/rate_limiting/rate_limiter.go:600.16,602.3 1 1
github.com/jgirmay/GAIA_GO/pkg/services/rate_limiting/rate_limiter.go:603.2,603.20 1 0
github.com/jgirmay/GAIA_GO/pkg/services/rate_limiting/rate_limiter.go:608.100,609.49 1 1
github.com/jgirmay/GAIA_GO/pkg/services/rate_limiting/rate_limiter.go:609.49,611.3 1 1
github.com/jgirmay/GAIA_GO/pkg/services/rate_limiting/rate_limiter.go:613.2,614.16 2 1
github.com/jgirmay/GAIA_GO/pkg/services/rate_limiting/rate_limiter.go:614.16,616.3 1 1
github.com/jgirmay/GAIA_GO/pkg/services/rate_limiting/rate_limiter.go:619.2,619.48 1 0
github.com/jgirmay/GAIA_GO/pkg/services/rate_limiting/reputation_manager.go:35.59,47.2 3 1
github.com/jgirmay/GAIA_GO/pkg/services/rate_limiting/reputation_manager.go:50.85,53.82 2 0
github.com/jgirmay/GAIA_GO/pkg/services/rate_limiting/reputation_manager.go:53.82,56.3 2 0
github.com/jgirmay/GAIA_GO/pkg/services/rate_limiting/reputation_manager.go:57.2,65.35 4 0
github.com/jgirmay/GAIA_GO/pkg/services/rate_limiting/reputation_manager.go:65.35,76.49 2 0
github.com/jgirmay/GAIA_GO/pkg/services/rate_limiting/reputation_manager.go:76.49,78.4 1 0
github.com/jgirmay/GAIA_GO/pkg/services/rate_limiting/reputation_manager.go:79.8,79.23 1 0
github.com/jgirmay/GAIA_GO/pkg/services/rate_limiting/reputation_manager.go:79.23,81.3 1 0
github.com/jgirmay/GAIA_GO/pkg/services/rate_limiting/reputation_manager.go:84.2,89.17 5 0
github.com/jgirmay/GAIA_GO/pkg/services/rate_limiting/reputation_manager.go:93.98,95.16 2 0
github.com/jgirmay/GAIA_GO/pkg/services/rate_limiting/reputation_manager.go:95.16,97.3 1 0
github.com/jgirmay/GAIA_GO/pkg/services/rate_limiting/reputation_manager.go:100.2,104.18 3 0
github.com/jgirmay/GAIA_GO/pkg/services/rate_limiting/reputation_manager.go:104.18,106.3 1 0
github.com/jgirmay/GAIA_GO/pkg/services/rate_limiting/reputation_manager.go:109.2,109.73 1 0
github.com/jgirmay/GAIA_GO/pkg/services/rate_limiting/reputation_manager.go:109.73,111.3 1 0
github.com/jgirmay/GAIA_GO/pkg/services/rate_limiting/reputation_manager.go:114.2,125.78 3 0
github.com/jgirmay/GAIA_GO/pkg/services/rate_limiting/reputation_manager.go:125.78,127.3 1 0
github.com/jgirmay/GAIA_GO/pkg/services/rate_limiting/reputation_manager.go:130.2,142.12 10 0
github.com/jgirmay/GAIA_GO/pkg/services/rate_limiting/reputation_manager.go:146.67,148.16 2 0
github.com/jgirmay/GAIA_GO/pkg/services/rate_limiting/reputation_manager.go:148.16,150.3 1 0
github.com/jgirmay/GAIA_GO/pkg/services/rate_limiting/reputation_manager.go:153.2,154.20 2 0
github.com/jgirmay/GAIA_GO/pkg/services/rate_limiting/reputation_manager.go:154.20,156.3 1 0
github.com/jgirmay/GAIA_GO/pkg/services/rate_limiting/reputation_manager.go:159.2,159.73 1 0
github.com/jgirmay/GAIA_GO/pkg/services/rate_limiting/reputation_manager.go:159.73,161.3 1 0
github.com/jgirmay/GAIA_GO/pkg/services/rate_limiting/reputation_manager.go:165.2,165.32 1 0
github.com/jgirmay/GAIA_GO/pkg/services/rate_limiting/reputation_manager.go:165.32,177.3 3 0
github.com/jgirmay/GAIA_GO/pkg/services/rate_limiting/reputation_manager.go:180.2,192.12 10 0
github.com/jgirmay/GAIA_GO/pkg/services/rate_limiting/reputation_manager.go:196.78,198.16 2 0
github.com/jgirmay/GAIA_GO/pkg/services/rate_limiting/reputation_manager.go:198.16,200.3 1 0
github.com/jgirmay/GAIA_GO/pkg/services/rate_limiting/reputation_manager.go:202.2,203.17 2 0
github.com/jgirmay/GAIA_GO/pkg/services/rate_limiting/reputation_manager.go:207.62,209.16 2 0
github.com/jgirmay/GAIA_GO/pkg/services/rate_limiting/reputation_manager.go:209.16,211.3 1 0
github.com/jgirmay/GAIA_GO/pkg/services/rate_limiting/reputation_manager.go:214.2,215.20 2 0
github.com/jgirmay/GAIA_GO/pkg/services/rate_limiting/reputation_manager.go:215.20,218.20 2 0
github.com/jgirmay/GAIA_GO/pkg/services/rate_limiting/reputation_manager.go:218.20,220.4 1 0
github.com/jgirmay/GAIA_GO/pkg/services/rate_limiting/reputation_manager.go:221.3,221.23 1 0
github.com/jgirmay/GAIA_GO/pkg/services/rate_limiting/reputation_manager.go:222.8,222.27 1 0
github.com/jgirmay/GAIA_GO/pkg/services/rate_limiting/reputation_manager.go:222.27,225.20 2 0
github.com/jgirmay/GAIA_GO/pkg/services/rate_limiting/reputation_manager.go:225.20,227.4 1 0
github.com/jgirmay/GAIA_GO/pkg/services/rate_limiting/reputation_manager.go:228.3,228.23 1 0
github.com/jgirmay/GAIA_GO/pkg/services/rate_limiting/reputation_manager.go:232.2,232.74 1 0
github.com/jgirmay/GAIA_GO/pkg/services/rate_limiting/reputation_manager.go:232.74,234.3 1 0
github.com/jgirmay/GAIA_GO/pkg/services/rate_limiting/reputation_manager.go:237.2,255.12 8 0
github.com/jgirmay/GAIA_GO/pkg/services/rate_limiting/reputation_manager.go:259.62,264.25 2 0
github.com/jgirmay/GAIA_GO/pkg/services/rate_limiting/reputation_manager.go:264.25,266.3 1 0
github.com/jgirmay/GAIA_GO/pkg/services/rate_limiting/reputation_manager.go:269.2,274.38 5 0
github.com/jgirmay/GAIA_GO/pkg/services/rate_limiting/reputation_manager.go:278.109,280.16 2 0
github.com/jgirmay/GAIA_GO/pkg/services/rate_limiting/reputation_manager.go:280.16,282.3 1 0
github.com/jgirmay/GAIA_GO/pkg/services/rate_limiting/reputation_manager.go:284.2,288.23 3 0
github.com/jgirmay/GAIA_GO/pkg/services/rate_limiting/reputation_manager.go:288.23,290.3 1 0
github.com/jgirmay/GAIA_GO/pkg/services/rate_limiting/reputation_manager.go:292.2,295.23 1 0
github.com/jgirmay/GAIA_GO/pkg/services/rate_limiting/reputation_manager.go:295.23,297.3 1 0
github.com/jgirmay/GAIA_GO/pkg/services/rate_limiting/reputation_manager.go:300.2,318.12 8 0
github.com/jgirmay/GAIA_GO/pkg/services/rate_limiting/reputation_manager.go:322.62,324.16 2 0
github.com/jgirmay/GAIA_GO/pkg/services/rate_limiting/reputation_manager.go:324.16,326.3 1 0
github.com/jgirmay/GAIA_GO/pkg/services/rate_limiting/reputation_manager.go:328.2,335.23 4 0
github.com/jgirmay/GAIA_GO/pkg/services/rate_limiting/reputation_manager.go:335.23,337.3 1 0
github.com/jgirmay/GAIA_GO/pkg/services/rate_limiting/reputation_manager.go:340.2,358.12 8 0
github.com/jgirmay/GAIA_GO/pkg/services/rate_limiting/reputation_manager.go:362.97,363.30 1 0
github.com/jgirmay/GAIA_GO/pkg/services/rate_limiting/reputation_manager.go:363.30,365.3 1 0
github.com/jgirmay/GAIA_GO/pkg/services/rate_limiting/reputation_manager.go:367.2,368.16 2 0
github.com/jgirmay/GAIA_GO/pkg/services/rate_limiting/reputation_manager.go:368.16,370.3 1 0
github.com/jgirmay/GAIA_GO/pkg/services/rate_limiting/reputation_manager.go:372.2,378.70 6 0
github.com/jgirmay/GAIA_GO/pkg/services/rate_limiting/reputation_manager.go:378.70,380.3 1 0
github.com/jgirmay/GAIA_GO/pkg/services/rate_limiting/reputation_manager.go:383.2,401.12 8 0
github.com/jgirmay/GAIA_GO/pkg/services/rate_limiting/reputation_manager.go:405.93,415.2 4 0
github.com/jgirmay/GAIA_GO/pkg/services/rate_limiting/reputation_manager.go:418.117,424.21 4 0
github.com/jgirmay/GAIA_GO/pkg/services/rate_limiting/reputation_manager.go:424.21,426.3 1 0
github.com/jgirmay/GAIA_GO/pkg/services/rate_limiting/reputation_manager.go:429.2,437.32 3 0
github.com/jgirmay/GAIA_GO/pkg/services/rate_limiting/reputation_manager.go:441.76,455.49 3 0
github.com/jgirmay/GAIA_GO/pkg/services/rate_limiting/reputation_manager.go:455.49,457.3 1 0
github.com/jgirmay/GAIA_GO/pkg/services/rate_limiting/reputation_manager.go:459.2,460.26 2 0
github.com/jgirmay/GAIA_GO/pkg/services/rate_limiting/reputation_manager.go:460.26,461.17 1 0
github.com/jgirmay/GAIA_GO/pkg/services/rate_limiting/reputation_manager.go:462.18,463.24 1 0
github.com/jgirmay/GAIA_GO/pkg/services/rate_limiting/reputation_manager.go:464.19,465.25 1 0
github.com/jgirmay/GAIA_GO/pkg/services/rate_limiting/reputation_manager.go:466.18,467.24 1 0
github.com/jgirmay/GAIA_GO/pkg/services/rate_limiting/reputation_manager.go:468.18,469.24 1 0
github.com/jgirmay/GAIA_GO/pkg/services/rate_limiting/reputation_manager.go:472.3,473.35 2 0
github.com/jgirmay/GAIA_GO/pkg/services/rate_limiting/reputation_manager.go:473.35,475.4 1 0
github.com/jgirmay/GAIA_GO/pkg/services/rate_limiting/reputation_manager.go:476.3,476.60 1 0
github.com/jgirmay/GAIA_GO/pkg/services/rate_limiting/reputation_manager.go:476.60,478.4 1 0
github.com/jgirmay/GAIA_GO/pkg/services/rate_limiting/reputation_manager.go:481.2,481.26 1 0
github.com/jgirmay/GAIA_GO/pkg/services/rate_limiting/reputation_manager.go:481.26,483.3 1 0
github.com/jgirmay/GAIA_GO/pkg/services/rate_limiting/reputation_manager.go:485.2,500.8 1 0
github.com/jgirmay/GAIA_GO/pkg/services/rate_limiting/reputation_manager.go:504.87,507.29 2 0
github.com/jgirmay/GAIA_GO/pkg/services/rate_limiting/reputation_manager.go:507.29,521.28 7 0
github.com/jgirmay/GAIA_GO/pkg/services/rate_limiting/reputation_manager.go:521.28,522.23 1 0
github.com/jgirmay/GAIA_GO/pkg/services/rate_limiting/reputation_manager.go:523.21,524.21 1 0
github.com/jgirmay/GAIA_GO/pkg/services/rate_limiting/reputation_manager.go:525.17,526.17 1 0
github.com/jgirmay/GAIA_GO/pkg/services/rate_limiting/reputation_manager.go:527.17,528.17 1 0
github.com/jgirmay/GAIA_GO/pkg/services/rate_limiting/reputation_manager.go:532.3,538.5 1 0
github.com/jgirmay/GAIA_GO/pkg/services/rate_limiting/reputation_manager.go:541.2,541.20 1 0
github.com/jgirmay/GAIA_GO/pkg/services/rate_limiting/reputation_manager.go:545.94,562.2 6 0
github.com/jgirmay/GAIA_GO/pkg/services/rate_limiting/reputation_manager.go:566.40,567.9 1 0
github.com/jgirmay/GAIA_GO/pkg/services/rate_limiting/reputation_manager.go:568.19,569.19 1 0
github.com/jgirmay/GAIA_GO/pkg/services/rate_limiting/reputation_manager.go:570.19,571.20 1 0
github.com/jgirmay/GAIA_GO/pkg/services/rate_limiting/reputation_manager.go:572.20,573.19 1 0
github.com/jgirmay/GAIA_GO/pkg/services/rate_limiting/reputation_manager.go:574.10,575.19 1 0
github.com/jgirmay/GAIA_GO/pkg/services/rate_limiting/reputation_manager.go:579.47,580.9 1 0
github.com/jgirmay/GAIA_GO/pkg/services/rate_limiting/reputation_manager.go:581.19,582.13 1 0
github.com/jgirmay/GAIA_GO/pkg/services/rate_limiting/reputation_manager.go:583.19,584.48 1 0
github.com/jgirmay/GAIA_GO/pkg/services/rate_limiting/reputation_manager.go:585.19,586.46 1 0
github.com/jgirmay/GAIA_GO/pkg/services/rate_limiting/reputation_manager.go:587.10,588.46 1 0
github.com/jgirmay/GAIA_GO/pkg/services/rate_limiting/reputation_manager.go:593.46,597.21 3 1
github.com/jgirmay/GAIA_GO/pkg/services/rate_limiting/reputation_manager.go:597.21,599.3 1 0
github.com/jgirmay/GAIA_GO/pkg/services/rate_limiting/resource_throttling.go:24.53,37.2 1 0
github.com/jgirmay/GAIA_GO/pkg/services/rate_limiting/resource_throttling.go:49.44,54.2 1 0
github.com/jgirmay/GAIA_GO/pkg/services/rate_limiting/resource_throttling.go:57.58,62.2 1 0
github.com/jgirmay/GAIA_GO/pkg/services/rate_limiting/resource_throttling.go:65.61,72.19 4 0
github.com/jgirmay/GAIA_GO/pkg/services/rate_limiting/resource_throttling.go:72.19,74.3 1 0
github.com/jgirmay/GAIA_GO/pkg/services/rate_limiting/resource_throttling.go:78.2,78.22 1 0
github.com/jgirmay/GAIA_GO/pkg/services/rate_limiting/resource_throttling.go:83.82,87.2 3 0
github.com/jgirmay/GAIA_GO/pkg/services/rate_limiting/resource_throttling.go:91.60,102.27 5 0
github.com/jgirmay/GAIA_GO/pkg/services/rate_limiting/resource_throttling.go:102.27,104.3 1 0
github.com/jgirmay/GAIA_GO/pkg/services/rate_limiting/resource_throttling.go:105.2,105.18 1 0
github.com/jgirmay/GAIA_GO/pkg/services/rate_limiting/resource_throttling.go:109.58,111.2 1 0
github.com/jgirmay/GAIA_GO/pkg/services/rate_limiting/resource_throttling.go:114.55,118.38 3 0
github.com/jgirmay/GAIA_GO/pkg/services/rate_limiting/resource_throttling.go:118.38,120.3 1 0
github.com/jgirmay/GAIA_GO/pkg/services/rate_limiting/resource_throttling.go:121.2,121.38 1 0
github.com/jgirmay/GAIA_GO/pkg/services/rate_limiting/resource_throttling.go:121.38,123.3 1 0
github.com/jgirmay/GAIA_GO/pkg/services/rate_limiting/resource_throttling.go:124.2,124.34 1 0
github.com/jgirmay/GAIA_GO/pkg/services/rate_limiting/resource_throttling.go:124.34,126.3 1 0
github.com/jgirmay/GAIA_GO/pkg/services/rate_limiting/resource_throttling.go:127.2,127.36 1 0
github.com/jgirmay/GAIA_GO/pkg/services/rate_limiting/resource_throttling.go:127.36,129.3 1 0
github.com/jgirmay/GAIA_GO/pkg/services/rate_limiting/resource_throttling.go:131.2,131.41 1 0
github.com/jgirmay/GAIA_GO/pkg/services/rate_limiting/resource_throttling.go:131.41,133.3 1 0
github.com/jgirmay/GAIA_GO/pkg/services/rate_limiting/resource_throttling.go:134.2,134.41 1 0
github.com/jgirmay/GAIA_GO/pkg/services/rate_limiting/resource_throttling.go:134.41,136.3 1 0
github.com/jgirmay/GAIA_GO/pkg/services/rate_limiting/resource_throttling.go:137.2,137.37 1 0
github.com/jgirmay/GAIA_GO/pkg/services/rate_limiting/resource_throttling.go:137.37,139.3 1 0
github.com/jgirmay/GAIA_GO/pkg/services/rate_limiting/resource_throttling.go:140.2,140.39 1 0
github.com/jgirmay/GAIA_GO/pkg/services/rate_limiting/resource_throttling.go:140.39,142.3 1 0
github.com/jgirmay/GAIA_GO/pkg/services/rate_limiting/resource_throttling.go:144.2,144.11 1 0
github.com/jgirmay/GAIA_GO/pkg/services/rate_limiting/resource_throttling.go:149.80,150.9 1 0
github.com/jgirmay/GAIA_GO/pkg/services/rate_limiting/resource_throttling.go:151.47,152.13 1 0
github.com/jgirmay/GAIA_GO/pkg/services/rate_limiting/resource_throttling.go:153.47,154.13 1 0
github.com/jgirmay/GAIA_GO/pkg/services/rate_limiting/resource_throttling.go:155.43,156.13 1 0
github.com/jgirmay/GAIA_GO/pkg/services/rate_limiting/resource_throttling.go:157.45,158.13 1 0
github.com/jgirmay/GAIA_GO/pkg/services/rate_limiting/resource_throttling.go:159.10,160.13 1 0
github.com/jgirmay/GAIA_GO/pkg/services/rate_limiting/resource_throttling.go:164.83,165.9 1 0
github.com/jgirmay/GAIA_GO/pkg/services/rate_limiting/resource_throttling.go:166.50,167.13 1 0
github.com/jgirmay/GAIA_GO/pkg/services/rate_limiting/resource_throttling.go:168.50,169.13 1 0
github.com/jgirmay/GAIA_GO/pkg/services/rate_limiting/resource_throttling.go:170.46,171.13 1 0
github.com/jgirmay/GAIA_GO/pkg/services/rate_limiting/resource_throttling.go:172.48,173.13 1 0
github.com/jgirmay/GAIA_GO/pkg/services/rate_limiting/resource_throttling.go:174.10,175.13 1 0
github.com/jgirmay/GAIA_GO/pkg/services/rate_limiting/user_reputation_service.go:82.130,95.2 3 0
github.com/jgirmay/GAIA_GO/pkg/services/rate_limiting/user_reputation_service.go:98.64,166.2 4 0
github.com/jgirmay/GAIA_GO/pkg/services/rate_limiting/user_reputation_service.go:169.119,172.16 2 0
github.com/jgirmay/GAIA_GO/pkg/services/rate_limiting/user_reputation_service.go:172.16,174.3 1 0
github.com/jgirmay/GAIA_GO/pkg/services/rate_limiting/user_reputation_service.go:177.2,186.19 6 0
github.com/jgirmay/GAIA_GO/pkg/services/rate_limiting/user_reputation_service.go:186.19,188.21 2 0
github.com/jgirmay/GAIA_GO/pkg/services/rate_limiting/user_reputation_service.go:188.21,190.4 1 0
github.com/jgirmay/GAIA_GO/pkg/services/rate_limiting/user_reputation_service.go:194.2,204.22 5 0
github.com/jgirmay/GAIA_GO/pkg/services/rate_limiting/user_reputation_service.go:204.22,206.3 1 0
github.com/jgirmay/GAIA_GO/pkg/services/rate_limiting/user_reputation_service.go:208.2,222.8 1 0
github.com/jgirmay/GAIA_GO/pkg/services/rate_limiting/user_reputation_service.go:226.69,235.33 2 0
github.com/jgirmay/GAIA_GO/pkg/services/rate_limiting/user_reputation_service.go:235.33,237.3 1 0
github.com/jgirmay/GAIA_GO/pkg/services/rate_limiting/user_reputation_service.go:239.2,240.26 2 0
github.com/jgirmay/GAIA_GO/pkg/services/rate_limiting/user_reputation_service.go:240.26,242.3 1 0
github.com/jgirmay/GAIA_GO/pkg/services/rate_limiting/user_reputation_service.go:244.2,245.27 2 0
github.com/jgirmay/GAIA_GO/pkg/services/rate_limiting/user_reputation_service.go:245.27,247.3 1 0
github.com/jgirmay/GAIA_GO/pkg/services/rate_limiting/user_reputation_service.go:249.2,255.3 1 0
github.com/jgirmay/GAIA_GO/pkg/services/rate_limiting/user_reputation_service.go:259.107,260.21 1 0
github.com/jgirmay/GAIA_GO/pkg/services/rate_limiting/user_reputation_service.go:261.17,262.26 1 0
github.com/jgirmay/GAIA_GO/pkg/services/rate_limiting/user_reputation_service.go:263.18,264.25 1 0
github.com/jgirmay/GAIA_GO/pkg/services/rate_limiting/user_reputation_service.go:265.17,266.30 1 0
github.com/jgirmay/GAIA_GO/pkg/services/rate_limiting/user_reputation_service.go:267.10,268.35 1 0
github.com/jgirmay/GAIA_GO/pkg/services/rate_limiting/user_reputation_service.go:273.102,288.20 7 0
github.com/jgirmay/GAIA_GO/pkg/services/rate_limiting/user_reputation_service.go:288.20,290.3 1 0
github.com/jgirmay/GAIA_GO/pkg/services/rate_limiting/user_reputation_service.go:292.2,300.3 1 0
github.com/jgirmay/GAIA_GO/pkg/services/rate_limiting/user_reputation_service.go:304.97,312.31 4 0
github.com/jgirmay/GAIA_GO/pkg/services/rate_limiting/user_reputation_service.go:312.31,314.26 2 0
github.com/jgirmay/GAIA_GO/pkg/services/rate_limiting/user_reputation_service.go:314.26,316.4 1 0
github.com/jgirmay/GAIA_GO/pkg/services/rate_limiting/user_reputation_service.go:316.9,316.33 1 0
github.com/jgirmay/GAIA_GO/pkg/services/rate_limiting/user_reputation_service.go:316.33,318.4 1 0
github.com/jgirmay/GAIA_GO/pkg/services/rate_limiting/user_reputation_service.go:321.3,333.5 2 0
github.com/jgirmay/GAIA_GO/pkg/services/rate_limiting/user_reputation_service.go:336.2,336.18 1 0
github.com/jgirmay/GAIA_GO/pkg/services/rate_limiting/user_reputation_service.go:340.92,348.2 3 0
github.com/jgirmay/GAIA_GO/pkg/services/rate_limiting/user_reputation_service.go:351.84,352.55 1 0
github.com/jgirmay/GAIA_GO/pkg/services/rate_limiting/user_reputation_service.go:352.55,354.3 1 0
github.com/jgirmay/GAIA_GO/pkg/services/rate_limiting/user_reputation_service.go:355.2,355.12 1 0
github.com/jgirmay/GAIA_GO/pkg/services/rate_limiting/user_reputation_service.go:359.79,367.2 2 0
github.com/jgirmay/GAIA_GO/pkg/services/rate_limiting/user_reputation_service.go:370.74,405.2 1 0
github.com/jgirmay/GAIA_GO/pkg/services/rate_limiting/user_reputation_service.go:408.132,417.35 4 0
github.com/jgirmay/GAIA_GO/pkg/services/rate_limiting/user_reputation_service.go:417.35,419.3 1 0
github.com/jgirmay/GAIA_GO/pkg/services/rate_limiting/user_reputation_service.go:422.2,423.31 2 0
github.com/jgirmay/GAIA_GO/pkg/services/rate_limiting/user_reputation_service.go:423.31,426.3 2 0
github.com/jgirmay/GAIA_GO/pkg/services/rate_limiting/user_reputation_service.go:429.2,429.28 1 0
github.com/jgirmay/GAIA_GO/pkg/services/rate_limiting/user_reputation_service.go:429.28,438.3 3 0
github.com/jgirmay/GAIA_GO/pkg/services/rate_limiting/user_reputation_service.go:440.2,440.20 1 0
